2021-02-10 13:51:25 [logs] error: ERROR: 미인증된 사용자입니다.
2021-02-10 13:51:35 [logs] error: ERROR: 미인증된 사용자입니다.
2021-02-10 13:52:07 [logs] error: ERROR: 미인증된 사용자입니다.
2021-02-10 13:52:38 [logs] error: jwt malformed
2021-02-10 14:20:39 [logs] error: ERROR: Cannot find user or not auth 
2021-02-10 14:20:57 [logs] error: ERROR: Cannot find user or not auth 
2021-02-10 14:21:05 [logs] error: ERROR: Cannot find user or not auth 
2021-02-10 14:21:53 [logs] error: ERROR: Please Login
2021-02-10 14:22:38 [logs] error: Unknown column 'postId' in 'field list'
2021-02-10 14:23:30 [logs] error: ERROR: Please Login
2021-02-10 14:23:36 [logs] error: Can't find URL on this server!
2021-02-10 14:23:57 [logs] error: protect
2021-02-10 14:27:22 [logs] error: Can't find URL on this server!
2021-02-10 14:27:22 [logs] error: Can't find URL on this server!
2021-02-10 14:27:34 [logs] error: Can't find URL on this server!
2021-02-10 14:27:44 [logs] error: Can't find URL on this server!
2021-02-10 14:28:50 [logs] error: Can't find URL on this server!
2021-02-10 14:28:58 [logs] error: ERROR: Please Login
2021-02-10 14:35:33 [logs] error: ERROR: Please Login
2021-02-10 14:50:40 [logs] error: protect
2021-02-10 14:52:20 [logs] error: ERROR: Please Login
2021-02-10 14:56:48 [logs] error: protect
