2021-02-10 13:11:55 [logs] info: Req is to GET /api/user 
2021-02-10 13:11:56 [logs] info: Req is to GET /api/user 
2021-02-10 13:11:56 [logs] info: Req is to GET /api/post?page=1&category=hearing 
2021-02-10 13:11:58 [logs] info: Req is to GET /api/user 
2021-02-10 13:12:02 [logs] info: Req is to POST /api/post 
2021-02-10 13:12:04 [logs] info: Req is to GET /api/user 
2021-02-10 13:12:04 [logs] info: Req is to GET /api/post?page=1&category=hearing 
2021-02-10 13:12:09 [logs] info: Req is to GET /api/user 
2021-02-10 13:12:10 [logs] info: Req is to GET /api/user 
2021-02-10 13:12:10 [logs] info: Req is to GET /api/post?page=1&category=hearing 
2021-02-10 13:12:12 [logs] info: Req is to GET /api/user 
2021-02-10 13:12:12 [logs] info: Req is to GET /api/post?page=1&category=debate 
2021-02-10 13:12:13 [logs] info: Req is to GET /api/user 
2021-02-10 13:12:13 [logs] info: Req is to GET /api/post?page=1&category=edu 
2021-02-10 13:12:14 [logs] info: Req is to GET /api/user 
2021-02-10 13:12:14 [logs] info: Req is to GET /api/post?page=1&category=notice 
2021-02-10 13:12:15 [logs] info: Req is to GET /api/user 
2021-02-10 13:12:17 [logs] info: Req is to GET /api/user 
2021-02-10 13:12:17 [logs] info: Req is to GET /api/post?page=1&category=notice 
2021-02-10 13:12:18 [logs] info: Req is to GET /api/user 
2021-02-10 13:12:18 [logs] info: Req is to GET /api/post?page=1&category=edu 
2021-02-10 13:12:18 [logs] info: Req is to GET /api/user 
2021-02-10 13:12:18 [logs] info: Req is to GET /api/post?page=1&category=debate 
2021-02-10 13:12:19 [logs] info: Req is to GET /api/user 
2021-02-10 13:12:19 [logs] info: Req is to GET /api/post?page=1&category=hearing 
2021-02-10 13:12:21 [logs] info: Req is to GET /api/user 
2021-02-10 13:12:21 [logs] info: Req is to GET /api/post/8c02b857-5c7f-4479-9802-94b91042f2f7 
2021-02-10 13:12:23 [logs] info: Req is to POST /api/post/8c02b857-5c7f-4479-9802-94b91042f2f7 
2021-02-10 13:12:23 [logs] info: Req is to GET /api/user 
2021-02-10 13:12:23 [logs] info: Req is to GET /api/post/8c02b857-5c7f-4479-9802-94b91042f2f7 
2021-02-10 13:12:26 [logs] info: Req is to DELETE /api/post/8c02b857-5c7f-4479-9802-94b91042f2f7/comment/21 
2021-02-10 13:12:26 [logs] info: Req is to GET /api/user 
2021-02-10 13:12:26 [logs] info: Req is to GET /api/post/8c02b857-5c7f-4479-9802-94b91042f2f7 
2021-02-10 13:12:29 [logs] info: Req is to GET /api/user 
2021-02-10 13:12:31 [logs] info: Req is to GET /api/user 
2021-02-10 13:12:50 [logs] info: Req is to GET /api/user 
2021-02-10 13:12:50 [logs] info: Req is to GET /api/post?page=1&category=hearing 
2021-02-10 13:12:51 [logs] info: Req is to GET /api/user 
2021-02-10 13:12:51 [logs] info: Req is to GET /api/post?page=1&category=edu 
2021-02-10 13:13:06 [logs] info: Req is to GET /api/user 
2021-02-10 13:13:06 [logs] info: Req is to GET /api/user 
2021-02-10 13:13:07 [logs] info: Req is to GET /api/post?page=1&category=hearing 
2021-02-10 13:13:07 [logs] info: Req is to GET /api/user 
2021-02-10 13:13:25 [logs] info: Req is to GET /api/user 
2021-02-10 13:13:25 [logs] info: Req is to GET /api/post?page=1&category=hearing 
2021-02-10 13:14:02 [logs] info: Req is to GET /api/user 
2021-02-10 13:14:08 [logs] info: Req is to GET /api/user 
2021-02-10 13:14:30 [logs] info: Req is to GET /api/user 
2021-02-10 13:14:30 [logs] info: Req is to GET /api/post?page=1&category=notice 
2021-02-10 13:14:30 [logs] info: Req is to GET /api/post?page=1&category=debate 
2021-02-10 13:14:33 [logs] info: Req is to GET /api/user 
2021-02-10 13:14:33 [logs] info: Req is to GET /api/post?page=1&category=hearing 
2021-02-10 13:14:35 [logs] info: Req is to GET /api/user 
2021-02-10 13:16:55 [logs] info: Req is to GET /api/user 
2021-02-10 13:16:55 [logs] info: Req is to GET /api/post?page=1&category=hearing 
2021-02-10 13:16:58 [logs] info: Req is to GET /api/user 
2021-02-10 13:16:58 [logs] info: Req is to GET /api/post?page=1&category=hearing 
2021-02-10 13:17:01 [logs] info: Req is to GET /api/user 
2021-02-10 13:17:01 [logs] info: Req is to GET /api/post?page=1&category=hearing 
2021-02-10 13:17:02 [logs] info: Req is to GET /api/user 
2021-02-10 13:17:02 [logs] info: Req is to GET /api/post?page=1&category=hearing 
2021-02-10 13:18:58 [logs] info: Req is to GET /api/user 
2021-02-10 13:20:05 [logs] info: Req is to GET /api/user 
2021-02-10 13:20:05 [logs] info: Req is to GET /api/post/8c02b857-5c7f-4479-9802-94b91042f2f7 
2021-02-10 13:20:12 [logs] info: Req is to GET /api/user 
2021-02-10 13:20:12 [logs] info: Req is to GET /api/post?page=1&category=hearing 
2021-02-10 13:20:13 [logs] info: Req is to GET /api/user 
2021-02-10 13:20:13 [logs] info: Req is to GET /api/post/8c02b857-5c7f-4479-9802-94b91042f2f7 
2021-02-10 13:20:16 [logs] info: Req is to GET /api/user 
2021-02-10 13:20:16 [logs] info: Req is to GET /api/post/8c02b857-5c7f-4479-9802-94b91042f2f7 
2021-02-10 13:20:19 [logs] info: Req is to POST /api/post/8c02b857-5c7f-4479-9802-94b91042f2f7 
2021-02-10 13:20:19 [logs] info: Req is to GET /api/user 
2021-02-10 13:20:19 [logs] info: Req is to GET /api/post/8c02b857-5c7f-4479-9802-94b91042f2f7 
2021-02-10 13:20:21 [logs] info: Req is to GET /api/user 
2021-02-10 13:20:21 [logs] info: Req is to GET /api/post?page=1&category=hearing 
2021-02-10 13:20:23 [logs] info: Req is to GET /api/user 
2021-02-10 13:20:23 [logs] info: Req is to GET /api/post/8c02b857-5c7f-4479-9802-94b91042f2f7 
2021-02-10 13:25:43 [logs] info: Req is to GET /api/user 
2021-02-10 13:25:43 [logs] info: Req is to GET /api/post?page=1&category=hearing 
2021-02-10 13:25:45 [logs] info: Req is to GET /api/user 
2021-02-10 13:25:47 [logs] info: Req is to GET /api/user 
2021-02-10 13:26:01 [logs] info: Req is to GET /api/user 
2021-02-10 13:26:01 [logs] info: Req is to GET /api/post?page=1&category=hearing 
2021-02-10 13:26:04 [logs] info: Req is to GET /api/user 
2021-02-10 13:26:04 [logs] info: Req is to GET /api/post?page=1&category=debate 
2021-02-10 13:26:05 [logs] info: Req is to GET /api/user 
2021-02-10 13:26:06 [logs] info: Req is to GET /api/post?page=1&category=hearing 
2021-02-10 13:26:07 [logs] info: Req is to GET /api/user 
2021-02-10 13:26:07 [logs] info: Req is to GET /api/pledge 
2021-02-10 13:26:09 [logs] info: Req is to GET /api/user 
2021-02-10 13:26:49 [logs] info: Req is to GET /api/user 
2021-02-10 13:27:22 [logs] info: Req is to GET /api/user 
2021-02-10 13:27:41 [logs] info: Req is to GET /api/user 
2021-02-10 13:27:41 [logs] info: Req is to GET /api/post?page=1&category=hearing 
2021-02-10 13:28:01 [logs] info: Req is to GET /api/user 
2021-02-10 13:28:01 [logs] info: Req is to GET /api/post?page=1&category=hearing 
2021-02-10 13:28:03 [logs] info: Req is to GET /api/user 
2021-02-10 13:28:03 [logs] info: Req is to GET /api/post?page=1&category=hearing 
2021-02-10 13:28:08 [logs] info: Req is to GET /api/user 
2021-02-10 13:28:52 [logs] info: Req is to GET /api/user 
2021-02-10 13:28:52 [logs] info: Req is to GET /api/post?page=1&category=hearing 
2021-02-10 13:28:53 [logs] info: Req is to GET /api/user 
2021-02-10 13:28:53 [logs] info: Req is to GET /api/post?page=1&category=hearing 
2021-02-10 13:51:25 [logs] info: Req is to GET /api/user 
2021-02-10 13:51:25 [logs] error: ERROR: 미인증된 사용자입니다.
2021-02-10 13:51:35 [logs] info: Req is to GET /api/user 
2021-02-10 13:51:35 [logs] error: ERROR: 미인증된 사용자입니다.
2021-02-10 13:52:07 [logs] info: Req is to GET /api/user 
2021-02-10 13:52:07 [logs] error: ERROR: 미인증된 사용자입니다.
2021-02-10 13:52:38 [logs] info: Req is to GET /api/post?page=1&category=evaluation 
2021-02-10 13:52:38 [logs] error: jwt malformed
2021-02-10 13:58:22 [logs] info: Req is to POST /api/auth/register 
2021-02-10 13:58:45 [logs] info: Req is to POST /api/auth/register 
2021-02-10 13:59:09 [logs] info: Req is to POST /api/auth/login 
2021-02-10 13:59:09 [logs] info: Req is to GET /api/user 
2021-02-10 13:59:09 [logs] info: Req is to GET /api/post?page=1&category=notice 
2021-02-10 13:59:09 [logs] info: Req is to GET /api/post?page=1&category=debate 
2021-02-10 13:59:12 [logs] info: Req is to GET /api/user 
2021-02-10 13:59:12 [logs] info: Req is to GET /api/post?page=1&category=hearing 
2021-02-10 13:59:13 [logs] info: Req is to GET /api/user 
2021-02-10 13:59:14 [logs] info: Req is to GET /api/post?page=1&category=evaluation 
2021-02-10 13:59:18 [logs] info: Req is to GET /api/user 
2021-02-10 13:59:18 [logs] info: Req is to GET /api/post?page=1&category=evaluation 
2021-02-10 13:59:19 [logs] info: Req is to GET /api/user 
2021-02-10 13:59:19 [logs] info: Req is to GET /api/post?page=1&category=hearing 
2021-02-10 13:59:24 [logs] info: Req is to GET /api/user 
2021-02-10 13:59:24 [logs] info: Req is to GET /api/post?page=1&category=debate 
2021-02-10 13:59:24 [logs] info: Req is to GET /api/user 
2021-02-10 13:59:24 [logs] info: Req is to GET /api/post?page=1&category=edu 
2021-02-10 13:59:26 [logs] info: Req is to GET /api/user 
2021-02-10 13:59:26 [logs] info: Req is to GET /api/post?page=1&category=hearing 
2021-02-10 13:59:29 [logs] info: Req is to GET /api/user 
2021-02-10 13:59:29 [logs] info: Req is to GET /api/post?page=1&category=evaluation 
2021-02-10 13:59:33 [logs] info: Req is to GET /api/user 
2021-02-10 13:59:33 [logs] info: Req is to GET /api/post?page=1&category=hearing 
2021-02-10 13:59:34 [logs] info: Req is to GET /api/user 
2021-02-10 13:59:41 [logs] info: Req is to GET /api/user 
2021-02-10 13:59:41 [logs] info: Req is to GET /api/post?page=1&category=hearing 
2021-02-10 13:59:43 [logs] info: Req is to GET /api/user 
2021-02-10 13:59:55 [logs] info: Req is to POST /api/post 
2021-02-10 13:59:56 [logs] info: Req is to GET /api/user 
2021-02-10 13:59:56 [logs] info: Req is to GET /api/post?page=1&category=hearing 
2021-02-10 13:59:58 [logs] info: Req is to GET /api/user 
2021-02-10 13:59:59 [logs] info: Req is to GET /api/user 
2021-02-10 14:00:01 [logs] info: Req is to GET /api/post/8e51f3fa-3463-42f0-8c60-ea35c08b9f5d 
2021-02-10 14:00:02 [logs] info: Req is to GET /api/post/8e51f3fa-3463-42f0-8c60-ea35c08b9f5d 
2021-02-10 14:00:59 [logs] info: Req is to GET /api/user 
2021-02-10 14:00:59 [logs] info: Req is to GET /api/post?page=1&category=notice 
2021-02-10 14:00:59 [logs] info: Req is to GET /api/post?page=1&category=debate 
2021-02-10 14:01:00 [logs] info: Req is to GET /api/user 
2021-02-10 14:01:00 [logs] info: Req is to GET /api/post?page=1&category=evaluation 
2021-02-10 14:01:13 [logs] info: Req is to GET /api/user 
2021-02-10 14:01:13 [logs] info: Req is to GET /api/post?page=1&category=hearing 
2021-02-10 14:01:15 [logs] info: Req is to GET /api/user 
2021-02-10 14:01:15 [logs] info: Req is to GET /api/post?page=1&category=evaluation 
2021-02-10 14:01:18 [logs] info: Req is to GET /api/user 
2021-02-10 14:01:36 [logs] info: Req is to GET /api/user 
2021-02-10 14:01:44 [logs] info: Req is to GET /api/user 
2021-02-10 14:01:44 [logs] info: Req is to GET /api/post?page=1&category=evaluation 
2021-02-10 14:01:46 [logs] info: Req is to GET /api/user 
2021-02-10 14:01:52 [logs] info: Req is to POST /api/post 
2021-02-10 14:01:53 [logs] info: Req is to GET /api/user 
2021-02-10 14:01:53 [logs] info: Req is to GET /api/post?page=1&category=evaluation 
2021-02-10 14:03:35 [logs] info: Req is to GET /api/user 
2021-02-10 14:03:35 [logs] info: Req is to GET /api/post/75dbd491-f2ca-4ef1-b4d5-ae23f915f210 
2021-02-10 14:03:38 [logs] info: Req is to GET /api/user 
2021-02-10 14:03:38 [logs] info: Req is to GET /api/post?page=1&category=evaluation 
2021-02-10 14:03:42 [logs] info: Req is to GET /api/user 
2021-02-10 14:03:42 [logs] info: Req is to GET /api/post/75dbd491-f2ca-4ef1-b4d5-ae23f915f210 
2021-02-10 14:03:58 [logs] info: Req is to GET /api/user 
2021-02-10 14:03:59 [logs] info: Req is to GET /api/post/75dbd491-f2ca-4ef1-b4d5-ae23f915f210 
2021-02-10 14:05:21 [logs] info: Req is to GET /api/user 
2021-02-10 14:05:21 [logs] info: Req is to GET /api/post/75dbd491-f2ca-4ef1-b4d5-ae23f915f210 
2021-02-10 14:05:45 [logs] info: Req is to GET /api/user 
2021-02-10 14:05:45 [logs] info: Req is to GET /api/post/75dbd491-f2ca-4ef1-b4d5-ae23f915f210 
2021-02-10 14:19:14 [logs] info: Req is to GET /api/user 
2021-02-10 14:19:14 [logs] info: Req is to GET /api/post?page=1&category=evaluation 
2021-02-10 14:19:16 [logs] info: Req is to GET /api/user 
2021-02-10 14:19:16 [logs] info: Req is to GET /api/post/75dbd491-f2ca-4ef1-b4d5-ae23f915f210 
2021-02-10 14:20:39 [logs] info: Req is to POST /api/auth/login 
2021-02-10 14:20:39 [logs] error: ERROR: Cannot find user or not auth 
2021-02-10 14:20:57 [logs] info: Req is to POST /api/auth/login 
2021-02-10 14:20:57 [logs] error: ERROR: Cannot find user or not auth 
2021-02-10 14:21:05 [logs] info: Req is to POST /api/auth/login 
2021-02-10 14:21:05 [logs] error: ERROR: Cannot find user or not auth 
2021-02-10 14:21:45 [logs] info: Req is to POST /api/auth/login 
2021-02-10 14:21:53 [logs] info: Req is to POST /api/evaluation/75dbd491-f2ca-4ef1-b4d5-ae23f915f210 
2021-02-10 14:21:53 [logs] error: ERROR: Please Login
2021-02-10 14:22:38 [logs] info: Req is to POST /api/evaluation/75dbd491-f2ca-4ef1-b4d5-ae23f915f210 
2021-02-10 14:22:38 [logs] error: Unknown column 'postId' in 'field list'
2021-02-10 14:23:21 [logs] info: Req is to POST /api/evaluation/75dbd491-f2ca-4ef1-b4d5-ae23f915f210 
2021-02-10 14:23:30 [logs] info: Req is to GET /api/evaluation 
2021-02-10 14:23:30 [logs] error: ERROR: Please Login
2021-02-10 14:23:36 [logs] info: Req is to GET /api/evaluation 
2021-02-10 14:23:36 [logs] error: Can't find URL on this server!
2021-02-10 14:23:41 [logs] info: Req is to GET /api/evaluation/75dbd491-f2ca-4ef1-b4d5-ae23f915f210 
2021-02-10 14:23:57 [logs] info: Req is to POST /api/evaluation/75dbd491-f2ca-4ef1-b4d5-ae23f915f210 
2021-02-10 14:23:57 [logs] error: protect
2021-02-10 14:24:26 [logs] info: Req is to POST /api/auth/login 
2021-02-10 14:24:33 [logs] info: Req is to POST /api/evaluation/75dbd491-f2ca-4ef1-b4d5-ae23f915f210 
2021-02-10 14:24:36 [logs] info: Req is to GET /api/evaluation/75dbd491-f2ca-4ef1-b4d5-ae23f915f210 
2021-02-10 14:27:19 [logs] info: Req is to GET /api/user 
2021-02-10 14:27:19 [logs] info: Req is to GET /api/post/75dbd491-f2ca-4ef1-b4d5-ae23f915f210 
2021-02-10 14:27:22 [logs] info: Req is to POST /evaluation/75dbd491-f2ca-4ef1-b4d5-ae23f915f210 
2021-02-10 14:27:22 [logs] error: Can't find URL on this server!
2021-02-10 14:27:22 [logs] info: Req is to GET /favicon.ico 
2021-02-10 14:27:22 [logs] error: Can't find URL on this server!
2021-02-10 14:27:34 [logs] info: Req is to POST /evaluation/75dbd491-f2ca-4ef1-b4d5-ae23f915f210 
2021-02-10 14:27:34 [logs] error: Can't find URL on this server!
2021-02-10 14:27:44 [logs] info: Req is to POST /evaluation/75dbd491-f2ca-4ef1-b4d5-ae23f915f210 
2021-02-10 14:27:44 [logs] error: Can't find URL on this server!
2021-02-10 14:28:50 [logs] info: Req is to POST /evaluation/75dbd491-f2ca-4ef1-b4d5-ae23f915f210 
2021-02-10 14:28:50 [logs] error: Can't find URL on this server!
2021-02-10 14:28:53 [logs] info: Req is to GET /api/user 
2021-02-10 14:28:53 [logs] info: Req is to GET /api/post/75dbd491-f2ca-4ef1-b4d5-ae23f915f210 
2021-02-10 14:28:58 [logs] info: Req is to POST /api/evaluation/75dbd491-f2ca-4ef1-b4d5-ae23f915f210 
2021-02-10 14:28:58 [logs] error: ERROR: Please Login
2021-02-10 14:35:33 [logs] info: Req is to POST /api/evaluation/75dbd491-f2ca-4ef1-b4d5-ae23f915f210 
2021-02-10 14:35:33 [logs] error: ERROR: Please Login
2021-02-10 14:35:38 [logs] info: Req is to GET /api/user 
2021-02-10 14:35:39 [logs] info: Req is to GET /api/post/75dbd491-f2ca-4ef1-b4d5-ae23f915f210 
2021-02-10 14:35:45 [logs] info: Req is to GET /api/user 
2021-02-10 14:35:45 [logs] info: Req is to GET /api/post/75dbd491-f2ca-4ef1-b4d5-ae23f915f210 
2021-02-10 14:37:07 [logs] info: Req is to GET /api/user 
2021-02-10 14:37:07 [logs] info: Req is to GET /api/post/75dbd491-f2ca-4ef1-b4d5-ae23f915f210 
2021-02-10 14:38:13 [logs] info: Req is to GET /api/user 
2021-02-10 14:38:13 [logs] info: Req is to GET /api/post/75dbd491-f2ca-4ef1-b4d5-ae23f915f210 
2021-02-10 14:38:51 [logs] info: Req is to GET /api/user 
2021-02-10 14:38:51 [logs] info: Req is to GET /api/post/75dbd491-f2ca-4ef1-b4d5-ae23f915f210 
2021-02-10 14:38:54 [logs] info: Req is to GET /api/user 
2021-02-10 14:38:54 [logs] info: Req is to GET /api/post/75dbd491-f2ca-4ef1-b4d5-ae23f915f210 
2021-02-10 14:40:14 [logs] info: Req is to GET /api/user 
2021-02-10 14:40:14 [logs] info: Req is to GET /api/post/75dbd491-f2ca-4ef1-b4d5-ae23f915f210 
2021-02-10 14:40:28 [logs] info: Req is to GET /api/user 
2021-02-10 14:40:28 [logs] info: Req is to GET /api/post/75dbd491-f2ca-4ef1-b4d5-ae23f915f210 
2021-02-10 14:40:59 [logs] info: Req is to GET /api/user 
2021-02-10 14:41:02 [logs] info: Req is to GET /api/user 
2021-02-10 14:41:02 [logs] info: Req is to GET /api/post/75dbd491-f2ca-4ef1-b4d5-ae23f915f210 
2021-02-10 14:41:05 [logs] info: Req is to GET /api/user 
2021-02-10 14:41:05 [logs] info: Req is to GET /api/post/75dbd491-f2ca-4ef1-b4d5-ae23f915f210 
2021-02-10 14:45:17 [logs] info: Req is to GET /api/user 
2021-02-10 14:45:17 [logs] info: Req is to GET /api/post/75dbd491-f2ca-4ef1-b4d5-ae23f915f210 
2021-02-10 14:45:20 [logs] info: Req is to GET /api/user 
2021-02-10 14:45:20 [logs] info: Req is to GET /api/post/75dbd491-f2ca-4ef1-b4d5-ae23f915f210 
2021-02-10 14:45:48 [logs] info: Req is to GET /api/user 
2021-02-10 14:45:48 [logs] info: Req is to GET /api/post/75dbd491-f2ca-4ef1-b4d5-ae23f915f210 
2021-02-10 14:46:33 [logs] info: Req is to GET /api/user 
2021-02-10 14:46:33 [logs] info: Req is to GET /api/post/75dbd491-f2ca-4ef1-b4d5-ae23f915f210 
2021-02-10 14:49:55 [logs] info: Req is to GET /api/user 
2021-02-10 14:49:55 [logs] info: Req is to GET /api/post/75dbd491-f2ca-4ef1-b4d5-ae23f915f210 
2021-02-10 14:50:14 [logs] info: Req is to GET /api/user 
2021-02-10 14:50:15 [logs] info: Req is to GET /api/post/75dbd491-f2ca-4ef1-b4d5-ae23f915f210 
2021-02-10 14:50:22 [logs] info: Req is to GET /api/user 
2021-02-10 14:50:22 [logs] info: Req is to GET /api/post/75dbd491-f2ca-4ef1-b4d5-ae23f915f210 
2021-02-10 14:50:24 [logs] info: Req is to GET /api/user 
2021-02-10 14:50:24 [logs] info: Req is to GET /api/post/75dbd491-f2ca-4ef1-b4d5-ae23f915f210 
2021-02-10 14:50:29 [logs] info: Req is to POST /api/evaluation/75dbd491-f2ca-4ef1-b4d5-ae23f915f210 
2021-02-10 14:50:29 [logs] info: Req is to GET /api/user 
2021-02-10 14:50:29 [logs] info: Req is to GET /api/post/75dbd491-f2ca-4ef1-b4d5-ae23f915f210 
2021-02-10 14:50:40 [logs] info: Req is to GET /api/user 
2021-02-10 14:50:40 [logs] info: Req is to POST /api/evaluation/75dbd491-f2ca-4ef1-b4d5-ae23f915f210 
2021-02-10 14:50:40 [logs] info: Req is to GET /api/post/75dbd491-f2ca-4ef1-b4d5-ae23f915f210 
2021-02-10 14:50:40 [logs] error: protect
2021-02-10 14:50:57 [logs] info: Req is to GET /api/user 
2021-02-10 14:51:00 [logs] info: Req is to GET /api/user 
2021-02-10 14:51:00 [logs] info: Req is to GET /api/post/75dbd491-f2ca-4ef1-b4d5-ae23f915f210 
2021-02-10 14:52:20 [logs] info: Req is to GET /api/user 
2021-02-10 14:52:20 [logs] info: Req is to GET /api/evaluation/75dbd491-f2ca-4ef1-b4d5-ae23f915f210 
2021-02-10 14:52:20 [logs] error: ERROR: Please Login
2021-02-10 14:52:32 [logs] info: Req is to GET /api/evaluation/75dbd491-f2ca-4ef1-b4d5-ae23f915f210 
2021-02-10 14:52:51 [logs] info: Req is to GET /api/user 
2021-02-10 14:52:51 [logs] info: Req is to GET /api/evaluation/75dbd491-f2ca-4ef1-b4d5-ae23f915f210 
2021-02-10 14:52:53 [logs] info: Req is to GET /api/post/75dbd491-f2ca-4ef1-b4d5-ae23f915f210 
2021-02-10 14:53:11 [logs] info: Req is to GET /api/user 
2021-02-10 14:53:11 [logs] info: Req is to GET /api/evaluation/75dbd491-f2ca-4ef1-b4d5-ae23f915f210 
2021-02-10 14:53:11 [logs] info: Req is to GET /api/post/75dbd491-f2ca-4ef1-b4d5-ae23f915f210 
2021-02-10 14:56:48 [logs] info: Req is to POST /api/evaluation/75dbd491-f2ca-4ef1-b4d5-ae23f915f210 
2021-02-10 14:56:48 [logs] error: protect
2021-02-10 14:56:51 [logs] info: Req is to GET /api/user 
2021-02-10 14:56:51 [logs] info: Req is to GET /api/evaluation/75dbd491-f2ca-4ef1-b4d5-ae23f915f210 
2021-02-10 14:56:51 [logs] info: Req is to GET /api/post/75dbd491-f2ca-4ef1-b4d5-ae23f915f210 
2021-02-10 14:57:02 [logs] info: Req is to GET /api/user 
2021-02-10 14:57:02 [logs] info: Req is to GET /api/evaluation/75dbd491-f2ca-4ef1-b4d5-ae23f915f210 
2021-02-10 14:57:02 [logs] info: Req is to GET /api/post/75dbd491-f2ca-4ef1-b4d5-ae23f915f210 
2021-02-10 14:57:26 [logs] info: Req is to GET /api/user 
2021-02-10 14:57:26 [logs] info: Req is to GET /api/evaluation/75dbd491-f2ca-4ef1-b4d5-ae23f915f210 
2021-02-10 14:57:26 [logs] info: Req is to GET /api/post/75dbd491-f2ca-4ef1-b4d5-ae23f915f210 
2021-02-10 14:57:40 [logs] info: Req is to GET /api/user 
2021-02-10 14:57:40 [logs] info: Req is to GET /api/evaluation/75dbd491-f2ca-4ef1-b4d5-ae23f915f210 
2021-02-10 14:57:40 [logs] info: Req is to GET /api/post/75dbd491-f2ca-4ef1-b4d5-ae23f915f210 
2021-02-10 14:58:00 [logs] info: Req is to GET /api/user 
2021-02-10 14:58:00 [logs] info: Req is to GET /api/evaluation/75dbd491-f2ca-4ef1-b4d5-ae23f915f210 
2021-02-10 14:58:00 [logs] info: Req is to GET /api/post/75dbd491-f2ca-4ef1-b4d5-ae23f915f210 
2021-02-10 14:58:16 [logs] info: Req is to GET /api/user 
2021-02-10 14:58:16 [logs] info: Req is to GET /api/evaluation/75dbd491-f2ca-4ef1-b4d5-ae23f915f210 
2021-02-10 14:58:16 [logs] info: Req is to GET /api/post/75dbd491-f2ca-4ef1-b4d5-ae23f915f210 
2021-02-10 14:58:22 [logs] info: Req is to GET /api/user 
2021-02-10 14:58:22 [logs] info: Req is to GET /api/evaluation/75dbd491-f2ca-4ef1-b4d5-ae23f915f210 
2021-02-10 14:58:22 [logs] info: Req is to GET /api/post/75dbd491-f2ca-4ef1-b4d5-ae23f915f210 
2021-02-10 14:58:29 [logs] info: Req is to GET /api/user 
2021-02-10 14:58:29 [logs] info: Req is to GET /api/evaluation/75dbd491-f2ca-4ef1-b4d5-ae23f915f210 
2021-02-10 14:58:29 [logs] info: Req is to GET /api/post/75dbd491-f2ca-4ef1-b4d5-ae23f915f210 
2021-02-10 14:58:42 [logs] info: Req is to GET /api/user 
2021-02-10 14:58:42 [logs] info: Req is to GET /api/evaluation/75dbd491-f2ca-4ef1-b4d5-ae23f915f210 
2021-02-10 14:58:42 [logs] info: Req is to GET /api/post/75dbd491-f2ca-4ef1-b4d5-ae23f915f210 
2021-02-10 14:58:53 [logs] info: Req is to GET /api/user 
2021-02-10 14:58:53 [logs] info: Req is to GET /api/evaluation/75dbd491-f2ca-4ef1-b4d5-ae23f915f210 
2021-02-10 14:58:53 [logs] info: Req is to GET /api/post/75dbd491-f2ca-4ef1-b4d5-ae23f915f210 
2021-02-10 14:59:11 [logs] info: Req is to GET /api/user 
2021-02-10 14:59:12 [logs] info: Req is to GET /api/evaluation/75dbd491-f2ca-4ef1-b4d5-ae23f915f210 
2021-02-10 14:59:12 [logs] info: Req is to GET /api/post/75dbd491-f2ca-4ef1-b4d5-ae23f915f210 
2021-02-10 15:00:39 [logs] info: Req is to GET /api/user 
2021-02-10 15:00:39 [logs] info: Req is to GET /api/evaluation/75dbd491-f2ca-4ef1-b4d5-ae23f915f210 
2021-02-10 15:00:39 [logs] info: Req is to GET /api/post/75dbd491-f2ca-4ef1-b4d5-ae23f915f210 
2021-02-10 15:00:59 [logs] info: Req is to GET /api/user 
2021-02-10 15:00:59 [logs] info: Req is to GET /api/evaluation/75dbd491-f2ca-4ef1-b4d5-ae23f915f210 
2021-02-10 15:00:59 [logs] info: Req is to GET /api/post/75dbd491-f2ca-4ef1-b4d5-ae23f915f210 
2021-02-10 15:06:22 [logs] info: Req is to POST /api/evaluation/75dbd491-f2ca-4ef1-b4d5-ae23f915f210 
2021-02-10 15:06:37 [logs] info: Req is to GET /api/user 
2021-02-10 15:06:37 [logs] info: Req is to GET /api/evaluation/75dbd491-f2ca-4ef1-b4d5-ae23f915f210 
2021-02-10 15:06:37 [logs] info: Req is to GET /api/post/75dbd491-f2ca-4ef1-b4d5-ae23f915f210 
2021-02-10 15:06:39 [logs] info: Req is to POST /api/evaluation/75dbd491-f2ca-4ef1-b4d5-ae23f915f210 
2021-02-10 15:06:39 [logs] info: Req is to GET /api/user 
2021-02-10 15:06:39 [logs] info: Req is to GET /api/evaluation/75dbd491-f2ca-4ef1-b4d5-ae23f915f210 
2021-02-10 15:06:40 [logs] info: Req is to GET /api/post/75dbd491-f2ca-4ef1-b4d5-ae23f915f210 
2021-02-10 15:09:10 [logs] info: Req is to GET /api/user 
2021-02-10 15:09:10 [logs] info: Req is to GET /api/evaluation/75dbd491-f2ca-4ef1-b4d5-ae23f915f210 
2021-02-10 15:09:10 [logs] info: Req is to GET /api/post/75dbd491-f2ca-4ef1-b4d5-ae23f915f210 
2021-02-10 15:10:48 [logs] info: Req is to GET /api/user 
2021-02-10 15:10:48 [logs] info: Req is to GET /api/evaluation/75dbd491-f2ca-4ef1-b4d5-ae23f915f210 
2021-02-10 15:10:48 [logs] info: Req is to GET /api/post/75dbd491-f2ca-4ef1-b4d5-ae23f915f210 
2021-02-10 15:10:49 [logs] info: Req is to GET /api/user 
2021-02-10 15:10:49 [logs] info: Req is to GET /api/evaluation/75dbd491-f2ca-4ef1-b4d5-ae23f915f210 
2021-02-10 15:10:49 [logs] info: Req is to GET /api/post/75dbd491-f2ca-4ef1-b4d5-ae23f915f210 
2021-02-10 15:10:50 [logs] info: Req is to GET /api/user 
2021-02-10 15:10:50 [logs] info: Req is to GET /api/evaluation/75dbd491-f2ca-4ef1-b4d5-ae23f915f210 
2021-02-10 15:10:50 [logs] info: Req is to GET /api/post/75dbd491-f2ca-4ef1-b4d5-ae23f915f210 
2021-02-10 15:10:51 [logs] info: Req is to GET /api/user 
2021-02-10 15:10:51 [logs] info: Req is to GET /api/evaluation/75dbd491-f2ca-4ef1-b4d5-ae23f915f210 
2021-02-10 15:10:51 [logs] info: Req is to GET /api/post/75dbd491-f2ca-4ef1-b4d5-ae23f915f210 
2021-02-10 15:11:17 [logs] info: Req is to GET /api/user 
2021-02-10 15:11:17 [logs] info: Req is to GET /api/evaluation/75dbd491-f2ca-4ef1-b4d5-ae23f915f210 
2021-02-10 15:11:17 [logs] info: Req is to GET /api/post/75dbd491-f2ca-4ef1-b4d5-ae23f915f210 
2021-02-10 15:13:30 [logs] info: Req is to GET /api/user 
2021-02-10 15:13:30 [logs] info: Req is to GET /api/evaluation/75dbd491-f2ca-4ef1-b4d5-ae23f915f210 
2021-02-10 15:13:30 [logs] info: Req is to GET /api/post/75dbd491-f2ca-4ef1-b4d5-ae23f915f210 
2021-02-10 15:13:32 [logs] info: Req is to GET /api/user 
2021-02-10 15:13:33 [logs] info: Req is to GET /api/evaluation/75dbd491-f2ca-4ef1-b4d5-ae23f915f210 
2021-02-10 15:13:33 [logs] info: Req is to GET /api/post/75dbd491-f2ca-4ef1-b4d5-ae23f915f210 
2021-02-10 15:14:17 [logs] info: Req is to GET /api/user 
2021-02-10 15:14:17 [logs] info: Req is to GET /api/evaluation/75dbd491-f2ca-4ef1-b4d5-ae23f915f210 
2021-02-10 15:14:17 [logs] info: Req is to GET /api/post/75dbd491-f2ca-4ef1-b4d5-ae23f915f210 
2021-02-10 15:16:32 [logs] info: Req is to GET /api/user 
2021-02-10 15:16:32 [logs] info: Req is to GET /api/evaluation/75dbd491-f2ca-4ef1-b4d5-ae23f915f210 
2021-02-10 15:16:32 [logs] info: Req is to GET /api/post/75dbd491-f2ca-4ef1-b4d5-ae23f915f210 
2021-02-10 15:17:36 [logs] info: Req is to GET /api/user 
2021-02-10 15:17:37 [logs] info: Req is to GET /api/evaluation/75dbd491-f2ca-4ef1-b4d5-ae23f915f210 
2021-02-10 15:17:37 [logs] info: Req is to GET /api/post/75dbd491-f2ca-4ef1-b4d5-ae23f915f210 
2021-02-10 15:18:25 [logs] info: Req is to GET /api/user 
2021-02-10 15:18:25 [logs] info: Req is to GET /api/evaluation/75dbd491-f2ca-4ef1-b4d5-ae23f915f210 
2021-02-10 15:18:25 [logs] info: Req is to GET /api/post/75dbd491-f2ca-4ef1-b4d5-ae23f915f210 
2021-02-10 15:20:53 [logs] info: Req is to GET /api/user 
2021-02-10 15:20:53 [logs] info: Req is to GET /api/evaluation/75dbd491-f2ca-4ef1-b4d5-ae23f915f210 
2021-02-10 15:20:53 [logs] info: Req is to GET /api/post/75dbd491-f2ca-4ef1-b4d5-ae23f915f210 
2021-02-10 15:21:18 [logs] info: Req is to GET /api/user 
2021-02-10 15:21:18 [logs] info: Req is to GET /api/evaluation/75dbd491-f2ca-4ef1-b4d5-ae23f915f210 
2021-02-10 15:21:18 [logs] info: Req is to GET /api/post/75dbd491-f2ca-4ef1-b4d5-ae23f915f210 
2021-02-10 15:21:49 [logs] info: Req is to GET /api/user 
2021-02-10 15:21:49 [logs] info: Req is to GET /api/evaluation/75dbd491-f2ca-4ef1-b4d5-ae23f915f210 
2021-02-10 15:21:49 [logs] info: Req is to GET /api/post/75dbd491-f2ca-4ef1-b4d5-ae23f915f210 
2021-02-10 15:22:08 [logs] info: Req is to GET /api/user 
2021-02-10 15:22:08 [logs] info: Req is to GET /api/evaluation/75dbd491-f2ca-4ef1-b4d5-ae23f915f210 
2021-02-10 15:22:08 [logs] info: Req is to GET /api/post/75dbd491-f2ca-4ef1-b4d5-ae23f915f210 
2021-02-10 15:22:52 [logs] info: Req is to GET /api/user 
2021-02-10 15:22:52 [logs] info: Req is to GET /api/evaluation/75dbd491-f2ca-4ef1-b4d5-ae23f915f210 
2021-02-10 15:22:53 [logs] info: Req is to GET /api/post/75dbd491-f2ca-4ef1-b4d5-ae23f915f210 
2021-02-10 15:23:23 [logs] info: Req is to GET /api/user 
2021-02-10 15:23:23 [logs] info: Req is to GET /api/evaluation/75dbd491-f2ca-4ef1-b4d5-ae23f915f210 
2021-02-10 15:23:23 [logs] info: Req is to GET /api/post/75dbd491-f2ca-4ef1-b4d5-ae23f915f210 
2021-02-10 15:23:31 [logs] info: Req is to GET /api/user 
2021-02-10 15:23:31 [logs] info: Req is to GET /api/evaluation/75dbd491-f2ca-4ef1-b4d5-ae23f915f210 
2021-02-10 15:23:31 [logs] info: Req is to GET /api/post/75dbd491-f2ca-4ef1-b4d5-ae23f915f210 
2021-02-10 15:23:40 [logs] info: Req is to GET /api/user 
2021-02-10 15:23:40 [logs] info: Req is to GET /api/evaluation/75dbd491-f2ca-4ef1-b4d5-ae23f915f210 
2021-02-10 15:23:40 [logs] info: Req is to GET /api/post/75dbd491-f2ca-4ef1-b4d5-ae23f915f210 
2021-02-10 15:23:52 [logs] info: Req is to GET /api/user 
2021-02-10 15:23:52 [logs] info: Req is to GET /api/evaluation/75dbd491-f2ca-4ef1-b4d5-ae23f915f210 
2021-02-10 15:23:52 [logs] info: Req is to GET /api/post/75dbd491-f2ca-4ef1-b4d5-ae23f915f210 
2021-02-10 15:24:12 [logs] info: Req is to GET /api/user 
2021-02-10 15:24:12 [logs] info: Req is to GET /api/post?page=1&category=notice 
2021-02-10 15:24:12 [logs] info: Req is to GET /api/post?page=1&category=debate 
2021-02-10 15:24:19 [logs] info: Req is to GET /api/user 
2021-02-10 15:24:19 [logs] info: Req is to GET /api/post?page=1&category=evaluation 
2021-02-10 15:24:21 [logs] info: Req is to GET /api/user 
2021-02-10 15:24:21 [logs] info: Req is to GET /api/evaluation/75dbd491-f2ca-4ef1-b4d5-ae23f915f210 
2021-02-10 15:24:21 [logs] info: Req is to GET /api/post/75dbd491-f2ca-4ef1-b4d5-ae23f915f210 
2021-02-10 15:26:43 [logs] info: Req is to GET /api/user 
2021-02-10 15:26:43 [logs] info: Req is to GET /api/post?page=1&category=notice 
2021-02-10 15:26:43 [logs] info: Req is to GET /api/post?page=1&category=debate 
2021-02-10 15:26:46 [logs] info: Req is to GET /api/user 
2021-02-10 15:26:46 [logs] info: Req is to GET /api/post?page=1&category=debate 
2021-02-10 15:26:48 [logs] info: Req is to GET /api/user 
2021-02-10 15:27:00 [logs] info: Req is to POST /api/post 
2021-02-10 15:27:01 [logs] info: Req is to GET /api/user 
2021-02-10 15:27:01 [logs] info: Req is to GET /api/post?page=1&category=debate 
2021-02-10 15:27:02 [logs] info: Req is to GET /api/user 
2021-02-10 15:27:02 [logs] info: Req is to GET /api/post/44ab8530-cb66-4f3f-8c47-363f92dc08e6 
2021-02-10 15:27:07 [logs] info: Req is to GET /api/user 
2021-02-10 15:27:07 [logs] info: Req is to GET /api/post?page=1&category=debate 
2021-02-10 15:27:11 [logs] info: Req is to GET /api/user 
2021-02-10 15:27:11 [logs] info: Req is to GET /api/post/44ab8530-cb66-4f3f-8c47-363f92dc08e6 
2021-02-10 15:27:13 [logs] info: Req is to GET /api/user 
2021-02-10 15:27:13 [logs] info: Req is to GET /api/post?page=1&category=hearing 
2021-02-10 15:27:15 [logs] info: Req is to GET /api/user 
2021-02-10 15:27:15 [logs] info: Req is to GET /api/post/8e51f3fa-3463-42f0-8c60-ea35c08b9f5d 
2021-02-10 15:27:17 [logs] info: Req is to GET /api/user 
2021-02-10 15:27:18 [logs] info: Req is to GET /api/post?page=1&category=evaluation 
2021-02-10 15:27:19 [logs] info: Req is to GET /api/user 
2021-02-10 15:27:19 [logs] info: Req is to GET /api/evaluation/75dbd491-f2ca-4ef1-b4d5-ae23f915f210 
2021-02-10 15:27:19 [logs] info: Req is to GET /api/post/75dbd491-f2ca-4ef1-b4d5-ae23f915f210 
2021-02-10 15:27:23 [logs] info: Req is to GET /api/user 
2021-02-10 15:27:23 [logs] info: Req is to GET /api/pledge 
2021-02-10 15:27:24 [logs] info: Req is to GET /api/user 
2021-02-10 15:27:24 [logs] info: Req is to GET /api/post?page=1&category=notice 
2021-02-10 15:27:26 [logs] info: Req is to GET /api/user 
2021-02-10 15:27:33 [logs] info: Req is to POST /api/post 
2021-02-10 15:27:34 [logs] info: Req is to GET /api/user 
2021-02-10 15:27:34 [logs] info: Req is to GET /api/post?page=1&category=notice 
2021-02-10 15:27:36 [logs] info: Req is to GET /api/user 
2021-02-10 15:27:36 [logs] info: Req is to GET /api/post/ec1acec2-7652-4355-bed9-41f368a39098 
2021-02-10 15:27:38 [logs] info: Req is to GET /api/user 
2021-02-10 15:27:38 [logs] info: Req is to GET /api/post?page=1&category=edu 
2021-02-10 15:27:40 [logs] info: Req is to GET /api/user 
2021-02-10 15:27:43 [logs] info: Req is to POST /api/post 
2021-02-10 15:27:44 [logs] info: Req is to GET /api/user 
2021-02-10 15:27:44 [logs] info: Req is to GET /api/post?page=1&category=edu 
2021-02-10 15:27:47 [logs] info: Req is to GET /api/user 
2021-02-10 15:27:47 [logs] info: Req is to GET /api/post?page=1&category=hearing 
2021-02-10 15:27:47 [logs] info: Req is to GET /api/user 
2021-02-10 15:27:47 [logs] info: Req is to GET /api/post?page=1&category=evaluation 
2021-02-10 15:27:48 [logs] info: Req is to GET /api/user 
2021-02-10 15:27:48 [logs] info: Req is to GET /api/pledge 
2021-02-10 15:27:48 [logs] info: Req is to GET /api/user 
2021-02-10 15:27:48 [logs] info: Req is to GET /api/pledge 
2021-02-10 15:27:50 [logs] info: Req is to GET /api/user 
2021-02-10 15:27:50 [logs] info: Req is to GET /api/post?page=1&category=notice 
2021-02-10 15:27:50 [logs] info: Req is to GET /api/user 
2021-02-10 15:27:50 [logs] info: Req is to GET /api/post?page=1&category=edu 
2021-02-10 15:27:51 [logs] info: Req is to GET /api/user 
2021-02-10 15:27:51 [logs] info: Req is to GET /api/post?page=1&category=debate 
2021-02-10 15:27:52 [logs] info: Req is to GET /api/user 
2021-02-10 15:27:52 [logs] info: Req is to GET /api/post?page=1&category=evaluation 
2021-02-10 15:27:52 [logs] info: Req is to GET /api/user 
2021-02-10 15:27:52 [logs] info: Req is to GET /api/post?page=1&category=hearing 
2021-02-10 15:27:53 [logs] info: Req is to GET /api/user 
2021-02-10 15:27:53 [logs] info: Req is to GET /api/user 
2021-02-10 15:27:53 [logs] info: Req is to GET /api/user 
2021-02-10 15:27:56 [logs] info: Req is to GET /api/user 
2021-02-10 15:27:57 [logs] info: Req is to GET /api/post?page=1&category=evaluation 
2021-02-10 15:27:57 [logs] info: Req is to GET /api/pledge 
2021-02-10 15:27:57 [logs] info: Req is to GET /api/apply 
2021-02-10 15:27:59 [logs] info: Req is to GET /api/user 
2021-02-10 15:27:59 [logs] info: Req is to GET /api/post?page=1&category=evaluation 
2021-02-10 15:28:00 [logs] info: Req is to GET /api/user 
2021-02-10 15:28:00 [logs] info: Req is to GET /api/pledge 
