2021-01-18 00:02:02 [logs] info: Req is to GET /api/user 
2021-01-18 00:02:02 [logs] info: Req is to GET /api/post/fbe0da39-7316-4cb8-95aa-53e8778fa6db 
2021-01-18 00:02:11 [logs] info: Req is to POST /api/post/fbe0da39-7316-4cb8-95aa-53e8778fa6db 
2021-01-18 00:02:11 [logs] info: Req is to GET /api/user 
2021-01-18 00:02:11 [logs] info: Req is to GET /api/post/fbe0da39-7316-4cb8-95aa-53e8778fa6db 
2021-01-18 00:02:16 [logs] info: Req is to GET /api/post/fbe0da39-7316-4cb8-95aa-53e8778fa6db 
2021-01-18 00:04:53 [logs] info: Req is to GET /api/user 
2021-01-18 00:04:54 [logs] info: Req is to GET /api/post/fbe0da39-7316-4cb8-95aa-53e8778fa6db 
2021-01-18 00:05:13 [logs] info: Req is to GET /api/user 
2021-01-18 00:05:13 [logs] info: Req is to GET /api/post/fbe0da39-7316-4cb8-95aa-53e8778fa6db 
2021-01-18 00:05:22 [logs] info: Req is to GET /api/user 
2021-01-18 00:05:22 [logs] info: Req is to GET /api/post/fbe0da39-7316-4cb8-95aa-53e8778fa6db 
2021-01-18 00:05:43 [logs] info: Req is to GET /api/user 
2021-01-18 00:05:44 [logs] info: Req is to GET /api/post/fbe0da39-7316-4cb8-95aa-53e8778fa6db 
2021-01-18 00:05:45 [logs] info: Req is to GET /api/user 
2021-01-18 00:05:45 [logs] info: Req is to GET /api/post/fbe0da39-7316-4cb8-95aa-53e8778fa6db 
2021-01-18 00:05:50 [logs] info: Req is to GET /api/user 
2021-01-18 00:05:50 [logs] info: Req is to GET /api/post/fbe0da39-7316-4cb8-95aa-53e8778fa6db 
2021-01-18 00:05:52 [logs] info: Req is to GET /api/user 
2021-01-18 00:05:52 [logs] info: Req is to GET /api/post/fbe0da39-7316-4cb8-95aa-53e8778fa6db 
2021-01-18 00:06:05 [logs] info: Req is to GET /api/user 
2021-01-18 00:06:06 [logs] info: Req is to GET /api/post/fbe0da39-7316-4cb8-95aa-53e8778fa6db 
2021-01-18 00:06:11 [logs] info: Req is to GET /api/user 
2021-01-18 00:06:11 [logs] info: Req is to GET /api/post/fbe0da39-7316-4cb8-95aa-53e8778fa6db 
2021-01-18 00:06:19 [logs] info: Req is to GET /api/user 
2021-01-18 00:06:19 [logs] info: Req is to GET /api/post/fbe0da39-7316-4cb8-95aa-53e8778fa6db 
2021-01-18 00:07:20 [logs] info: Req is to GET /api/user 
2021-01-18 00:07:20 [logs] info: Req is to GET /api/post/fbe0da39-7316-4cb8-95aa-53e8778fa6db 
2021-01-18 00:07:26 [logs] info: Req is to POST /api/post/fbe0da39-7316-4cb8-95aa-53e8778fa6db 
2021-01-18 00:07:26 [logs] info: Req is to GET /api/user 
2021-01-18 00:07:26 [logs] info: Req is to GET /api/post/fbe0da39-7316-4cb8-95aa-53e8778fa6db 
2021-01-18 00:07:36 [logs] info: Req is to GET /api/user 
2021-01-18 00:07:36 [logs] info: Req is to GET /api/post/fbe0da39-7316-4cb8-95aa-53e8778fa6db 
2021-01-18 00:07:39 [logs] info: Req is to GET /api/user 
2021-01-18 00:07:39 [logs] info: Req is to GET /api/post/fbe0da39-7316-4cb8-95aa-53e8778fa6db 
2021-01-18 00:08:30 [logs] info: Req is to GET /api/user 
2021-01-18 00:08:30 [logs] info: Req is to GET /api/post/fbe0da39-7316-4cb8-95aa-53e8778fa6db 
2021-01-18 00:09:07 [logs] info: Req is to GET /api/user 
2021-01-18 00:09:07 [logs] info: Req is to GET /api/post/fbe0da39-7316-4cb8-95aa-53e8778fa6db 
2021-01-18 00:09:55 [logs] info: Req is to GET /api/user 
2021-01-18 00:09:55 [logs] info: Req is to GET /api/post/fbe0da39-7316-4cb8-95aa-53e8778fa6db 
2021-01-18 00:10:13 [logs] info: Req is to GET /api/user 
2021-01-18 00:10:13 [logs] info: Req is to GET /api/post/fbe0da39-7316-4cb8-95aa-53e8778fa6db 
2021-01-18 00:12:03 [logs] info: Req is to GET /api/user 
2021-01-18 00:12:03 [logs] info: Req is to GET /api/post/fbe0da39-7316-4cb8-95aa-53e8778fa6db 
2021-01-18 00:12:21 [logs] info: Req is to GET /api/user 
2021-01-18 00:12:21 [logs] info: Req is to GET /api/post/fbe0da39-7316-4cb8-95aa-53e8778fa6db 
2021-01-18 00:13:19 [logs] info: Req is to GET /api/user 
2021-01-18 00:13:19 [logs] info: Req is to GET /api/post/fbe0da39-7316-4cb8-95aa-53e8778fa6db 
2021-01-18 00:13:25 [logs] info: Req is to GET /api/user 
2021-01-18 00:13:25 [logs] info: Req is to GET /api/post/board.html 
2021-01-18 00:13:26 [logs] error: Error: Cannot find post
2021-01-18 00:14:27 [logs] info: Req is to GET /api/user 
2021-01-18 00:14:28 [logs] info: Req is to GET /api/post/fbe0da39-7316-4cb8-95aa-53e8778fa6db 
2021-01-18 00:14:49 [logs] info: Req is to GET /api/user 
2021-01-18 00:14:49 [logs] info: Req is to GET /api/post/fbe0da39-7316-4cb8-95aa-53e8778fa6db 
2021-01-18 00:16:29 [logs] info: Req is to GET /api/user 
2021-01-18 00:16:29 [logs] info: Req is to GET /api/post/fbe0da39-7316-4cb8-95aa-53e8778fa6db 
2021-01-18 00:19:01 [logs] info: Req is to GET /api/user 
2021-01-18 00:19:01 [logs] info: Req is to GET /api/post/fbe0da39-7316-4cb8-95aa-53e8778fa6db 
2021-01-18 00:20:40 [logs] info: Req is to GET /api/post/fbe0da39-7316-4cb8-95aa-53e8778fa6db 
2021-01-18 00:28:15 [logs] info: Req is to GET /api/user 
2021-01-18 00:28:16 [logs] info: Req is to GET /api/post/fbe0da39-7316-4cb8-95aa-53e8778fa6db 
2021-01-18 00:31:52 [logs] info: Req is to GET /api/user 
2021-01-18 00:31:52 [logs] info: Req is to GET /api/post/fbe0da39-7316-4cb8-95aa-53e8778fa6db 
2021-01-18 00:33:15 [logs] info: Req is to GET /api/user 
2021-01-18 00:33:15 [logs] info: Req is to GET /api/post/fbe0da39-7316-4cb8-95aa-53e8778fa6db 
2021-01-18 00:34:07 [logs] info: Req is to GET /api/user 
2021-01-18 00:34:07 [logs] info: Req is to GET /api/post/fbe0da39-7316-4cb8-95aa-53e8778fa6db 
2021-01-18 00:34:45 [logs] info: Req is to GET /api/user 
2021-01-18 00:34:45 [logs] info: Req is to GET /api/post/fbe0da39-7316-4cb8-95aa-53e8778fa6db 
2021-01-18 00:35:16 [logs] info: Req is to GET /api/user 
2021-01-18 00:35:16 [logs] info: Req is to GET /api/post/fbe0da39-7316-4cb8-95aa-53e8778fa6db 
2021-01-18 00:35:20 [logs] info: Req is to POST /api/post/fbe0da39-7316-4cb8-95aa-53e8778fa6db/comment/1 
2021-01-18 00:35:20 [logs] info: Req is to GET /api/user 
2021-01-18 00:35:20 [logs] info: Req is to GET /api/post/fbe0da39-7316-4cb8-95aa-53e8778fa6db 
2021-01-18 00:35:34 [logs] info: Req is to GET /api/post/fbe0da39-7316-4cb8-95aa-53e8778fa6db 
2021-01-18 00:36:20 [logs] info: Req is to GET /api/user 
2021-01-18 00:36:20 [logs] info: Req is to GET /api/post/fbe0da39-7316-4cb8-95aa-53e8778fa6db 
2021-01-18 00:36:27 [logs] info: Req is to GET /api/user 
2021-01-18 00:36:27 [logs] info: Req is to GET /api/post/fbe0da39-7316-4cb8-95aa-53e8778fa6db 
2021-01-18 00:36:36 [logs] info: Req is to GET /api/user 
2021-01-18 00:36:36 [logs] info: Req is to GET /api/post/fbe0da39-7316-4cb8-95aa-53e8778fa6db 
2021-01-18 00:36:43 [logs] info: Req is to GET /api/user 
2021-01-18 00:36:43 [logs] info: Req is to GET /api/post/fbe0da39-7316-4cb8-95aa-53e8778fa6db 
2021-01-18 00:36:48 [logs] info: Req is to POST /api/post/fbe0da39-7316-4cb8-95aa-53e8778fa6db/comment/1 
2021-01-18 00:36:48 [logs] info: Req is to GET /api/user 
2021-01-18 00:36:48 [logs] info: Req is to GET /api/post/fbe0da39-7316-4cb8-95aa-53e8778fa6db 
2021-01-18 00:37:23 [logs] info: Req is to POST /api/post/fbe0da39-7316-4cb8-95aa-53e8778fa6db/comment/2 
2021-01-18 00:37:23 [logs] info: Req is to GET /api/user 
2021-01-18 00:37:23 [logs] info: Req is to GET /api/post/fbe0da39-7316-4cb8-95aa-53e8778fa6db 
2021-01-18 00:37:32 [logs] info: Req is to POST /api/post/fbe0da39-7316-4cb8-95aa-53e8778fa6db/comment/2 
2021-01-18 00:37:32 [logs] info: Req is to GET /api/user 
2021-01-18 00:37:32 [logs] info: Req is to GET /api/post/fbe0da39-7316-4cb8-95aa-53e8778fa6db 
2021-01-18 00:37:39 [logs] info: Req is to GET /api/user 
2021-01-18 00:37:39 [logs] info: Req is to GET /api/post/fbe0da39-7316-4cb8-95aa-53e8778fa6db 
2021-01-18 00:37:45 [logs] info: Req is to POST /api/post/fbe0da39-7316-4cb8-95aa-53e8778fa6db/comment/3 
2021-01-18 00:37:45 [logs] info: Req is to GET /api/user 
2021-01-18 00:37:45 [logs] info: Req is to GET /api/post/fbe0da39-7316-4cb8-95aa-53e8778fa6db 
2021-01-18 00:37:53 [logs] info: Req is to GET /api/user 
2021-01-18 00:37:53 [logs] info: Req is to GET /api/post/95378ab7-1efd-4abf-902b-0f7f363377a3 
2021-01-18 00:38:07 [logs] info: Req is to GET /api/user 
2021-01-18 00:38:07 [logs] info: Req is to GET /api/post/fbe0da39-7316-4cb8-95aa-53e8778fa6db 
2021-01-18 00:38:18 [logs] info: Req is to GET /api/user 
2021-01-18 00:38:18 [logs] info: Req is to GET /api/post/board.html 
2021-01-18 00:38:18 [logs] error: Error: Cannot find post
2021-01-18 00:38:42 [logs] info: Req is to GET /api/user 
2021-01-18 00:38:42 [logs] info: Req is to GET /api/post/fbe0da39-7316-4cb8-95aa-53e8778fa6db 
2021-01-18 00:38:46 [logs] info: Req is to POST /api/post/fbe0da39-7316-4cb8-95aa-53e8778fa6db/comment/3 
2021-01-18 00:38:46 [logs] info: Req is to GET /api/user 
2021-01-18 00:38:46 [logs] info: Req is to GET /api/post/fbe0da39-7316-4cb8-95aa-53e8778fa6db 
2021-01-18 00:39:27 [logs] info: Req is to GET /api/user 
2021-01-18 00:39:27 [logs] info: Req is to GET /api/post/fbe0da39-7316-4cb8-95aa-53e8778fa6db 
2021-01-18 00:39:29 [logs] info: Req is to POST /api/post/fbe0da39-7316-4cb8-95aa-53e8778fa6db 
2021-01-18 00:39:29 [logs] info: Req is to GET /api/user 
2021-01-18 00:39:29 [logs] info: Req is to GET /api/post/fbe0da39-7316-4cb8-95aa-53e8778fa6db 
2021-01-18 00:39:48 [logs] info: Req is to GET /api/user 
2021-01-18 00:39:48 [logs] info: Req is to GET /api/post?page=1&category=debate 
2021-01-18 00:39:50 [logs] info: Req is to GET /api/user 
2021-01-18 00:39:50 [logs] info: Req is to GET /api/post/fbe0da39-7316-4cb8-95aa-53e8778fa6db 
2021-01-18 00:40:34 [logs] info: Req is to GET /api/user 
2021-01-18 00:40:34 [logs] info: Req is to GET /api/post/fbe0da39-7316-4cb8-95aa-53e8778fa6db 
2021-01-18 00:41:11 [logs] info: Req is to GET /api/user 
2021-01-18 00:41:11 [logs] info: Req is to GET /api/post/fbe0da39-7316-4cb8-95aa-53e8778fa6db 
2021-01-18 00:41:30 [logs] info: Req is to GET /api/post/fbe0da39-7316-4cb8-95aa-53e8778fa6db 
2021-01-18 00:41:57 [logs] info: Req is to GET /api/user 
2021-01-18 00:41:57 [logs] info: Req is to GET /api/post/fbe0da39-7316-4cb8-95aa-53e8778fa6db 
2021-01-18 00:42:24 [logs] info: Req is to GET /api/user 
2021-01-18 00:42:24 [logs] info: Req is to GET /api/post/fbe0da39-7316-4cb8-95aa-53e8778fa6db 
2021-01-18 00:43:02 [logs] info: Req is to GET /api/user 
2021-01-18 00:43:03 [logs] info: Req is to GET /api/post/95378ab7-1efd-4abf-902b-0f7f363377a3 
2021-01-18 00:43:06 [logs] info: Req is to POST /api/post/95378ab7-1efd-4abf-902b-0f7f363377a3 
2021-01-18 00:43:06 [logs] info: Req is to GET /api/user 
2021-01-18 00:43:06 [logs] info: Req is to GET /api/post/95378ab7-1efd-4abf-902b-0f7f363377a3 
2021-01-18 00:43:09 [logs] info: Req is to POST /api/post/95378ab7-1efd-4abf-902b-0f7f363377a3/comment/5 
2021-01-18 00:43:09 [logs] info: Req is to GET /api/user 
2021-01-18 00:43:09 [logs] info: Req is to GET /api/post/95378ab7-1efd-4abf-902b-0f7f363377a3 
2021-01-18 00:43:12 [logs] info: Req is to POST /api/post/95378ab7-1efd-4abf-902b-0f7f363377a3/comment/5 
2021-01-18 00:43:12 [logs] info: Req is to GET /api/user 
2021-01-18 00:43:12 [logs] info: Req is to GET /api/post/95378ab7-1efd-4abf-902b-0f7f363377a3 
2021-01-18 00:43:15 [logs] info: Req is to POST /api/post/95378ab7-1efd-4abf-902b-0f7f363377a3 
2021-01-18 00:43:15 [logs] info: Req is to GET /api/user 
2021-01-18 00:43:15 [logs] info: Req is to GET /api/post/95378ab7-1efd-4abf-902b-0f7f363377a3 
2021-01-18 00:43:19 [logs] info: Req is to POST /api/post/95378ab7-1efd-4abf-902b-0f7f363377a3/comment/6 
2021-01-18 00:43:19 [logs] info: Req is to GET /api/user 
2021-01-18 00:43:19 [logs] info: Req is to GET /api/post/95378ab7-1efd-4abf-902b-0f7f363377a3 
2021-01-18 00:43:22 [logs] info: Req is to POST /api/post/95378ab7-1efd-4abf-902b-0f7f363377a3/comment/6 
2021-01-18 00:43:22 [logs] info: Req is to GET /api/user 
2021-01-18 00:43:22 [logs] info: Req is to GET /api/post/95378ab7-1efd-4abf-902b-0f7f363377a3 
2021-01-18 00:44:32 [logs] info: Req is to GET /api/user 
2021-01-18 00:44:33 [logs] info: Req is to GET /api/post/95378ab7-1efd-4abf-902b-0f7f363377a3 
2021-01-18 00:44:37 [logs] info: Req is to GET /api/user 
2021-01-18 00:44:37 [logs] info: Req is to GET /api/post?page=1&category=notice 
2021-01-18 00:44:37 [logs] info: Req is to GET /api/post?page=1&category=edu 
2021-01-18 00:44:37 [logs] info: Req is to GET /api/post?page=1&category=debate 
2021-01-18 00:44:51 [logs] info: Req is to GET /api/user 
2021-01-18 00:44:51 [logs] info: Req is to GET /api/post?page=1&category=edu 
2021-01-18 00:44:52 [logs] info: Req is to GET /api/user 
2021-01-18 00:44:52 [logs] info: Req is to GET /api/post?page=1&category=debate 
2021-01-18 00:44:57 [logs] info: Req is to GET /api/user 
2021-01-18 00:44:57 [logs] info: Req is to GET /api/post/fbe0da39-7316-4cb8-95aa-53e8778fa6db 
2021-01-18 00:45:01 [logs] info: Req is to POST /api/post/fbe0da39-7316-4cb8-95aa-53e8778fa6db 
2021-01-18 00:45:01 [logs] info: Req is to GET /api/user 
2021-01-18 00:45:01 [logs] info: Req is to GET /api/post/fbe0da39-7316-4cb8-95aa-53e8778fa6db 
2021-01-18 00:45:03 [logs] info: Req is to POST /api/post/fbe0da39-7316-4cb8-95aa-53e8778fa6db/comment/7 
2021-01-18 00:45:03 [logs] info: Req is to GET /api/user 
2021-01-18 00:45:03 [logs] info: Req is to GET /api/post/fbe0da39-7316-4cb8-95aa-53e8778fa6db 
2021-01-18 00:45:05 [logs] info: Req is to POST /api/post/fbe0da39-7316-4cb8-95aa-53e8778fa6db/comment/4 
2021-01-18 00:45:05 [logs] info: Req is to GET /api/user 
2021-01-18 00:45:05 [logs] info: Req is to GET /api/post/fbe0da39-7316-4cb8-95aa-53e8778fa6db 
