2021-01-19 20:56:06 [logs] info: Req is to GET /api/user 
2021-01-19 20:56:06 [logs] info: Req is to GET /api/apply 
2021-01-19 20:56:11 [logs] info: Req is to GET /api/user 
2021-01-19 20:56:11 [logs] info: Req is to GET /api/apply 
2021-01-19 20:59:31 [logs] info: Req is to GET /api/user 
2021-01-19 20:59:31 [logs] info: Req is to GET /api/post?page=1&category=edu 
2021-01-19 21:00:57 [logs] info: Req is to GET /api/user 
2021-01-19 21:00:57 [logs] info: Req is to GET /api/apply 
2021-01-19 21:01:00 [logs] info: Req is to GET /api/user 
2021-01-19 21:02:31 [logs] info: Req is to GET /api/user 
2021-01-19 21:02:37 [logs] info: Req is to GET /api/user 
2021-01-19 21:02:41 [logs] info: Req is to GET /api/user 
2021-01-19 21:02:47 [logs] info: Req is to GET /api/user 
2021-01-19 21:02:48 [logs] info: Req is to GET /api/user 
2021-01-19 21:03:38 [logs] info: Req is to GET /api/user 
2021-01-19 21:03:42 [logs] info: Req is to GET /api/user 
2021-01-19 21:03:43 [logs] info: Req is to GET /api/user 
2021-01-19 21:04:10 [logs] info: Req is to GET /api/user 
2021-01-19 21:04:10 [logs] info: Req is to GET /api/apply 
2021-01-19 21:04:11 [logs] info: Req is to GET /api/user 
2021-01-19 21:04:34 [logs] info: Req is to GET /api/user 
2021-01-19 21:05:48 [logs] info: Req is to GET /api/user 
2021-01-19 21:06:20 [logs] info: Req is to GET /api/user 
2021-01-19 21:09:05 [logs] info: Req is to GET /api/user 
2021-01-19 21:10:00 [logs] info: Req is to GET /api/user 
2021-01-19 21:10:28 [logs] info: Req is to GET /api/user 
2021-01-19 21:10:29 [logs] info: Req is to GET /api/post?page=1&category=debate 
2021-01-19 21:10:30 [logs] info: Req is to GET /api/user 
2021-01-19 21:10:35 [logs] info: Req is to GET /api/user 
2021-01-19 21:10:35 [logs] info: Req is to GET /api/apply 
2021-01-19 21:10:36 [logs] info: Req is to GET /api/user 
2021-01-19 21:10:49 [logs] info: Req is to POST /api/apply 
2021-01-19 21:10:50 [logs] info: Req is to GET /api/user 
2021-01-19 21:10:51 [logs] info: Req is to GET /api/apply 
2021-01-19 21:10:52 [logs] info: Req is to GET /api/user 
2021-01-19 21:11:39 [logs] info: Req is to GET /api/user 
2021-01-19 21:11:39 [logs] info: Req is to GET /api/apply/c5bc5cd7-0ffe-4891-a623-1ec2b478748a 
2021-01-19 21:11:39 [logs] error: ERROR: Permission denied. This is only for admin
2021-01-19 21:11:42 [logs] info: Req is to GET /api/user 
2021-01-19 21:11:42 [logs] info: Req is to GET /api/apply/16d6b86c-b413-4639-8f51-7a9ce7ae8299 
2021-01-19 21:11:43 [logs] error: ERROR: Permission denied. This is only for admin
2021-01-19 21:12:08 [logs] info: Req is to GET /api/user 
2021-01-19 21:12:08 [logs] info: Req is to GET /api/apply 
2021-01-19 21:12:10 [logs] info: Req is to GET /api/user 
2021-01-19 21:12:10 [logs] info: Req is to GET /api/apply/16d6b86c-b413-4639-8f51-7a9ce7ae8299 
2021-01-19 21:12:10 [logs] error: ERROR: Permission denied. This is only for admin
2021-01-19 21:12:20 [logs] info: Req is to GET /api/user 
2021-01-19 21:12:20 [logs] info: Req is to GET /api/apply/16d6b86c-b413-4639-8f51-7a9ce7ae8299 
2021-01-19 21:12:20 [logs] error: ERROR: Permission denied. This is only for admin
2021-01-19 21:14:08 [logs] info: Req is to GET /api/user 
2021-01-19 21:14:08 [logs] info: Req is to GET /api/apply/16d6b86c-b413-4639-8f51-7a9ce7ae8299 
2021-01-19 21:14:08 [logs] error: ERROR: Permission denied. This is only for admin
2021-01-19 21:14:17 [logs] info: Req is to GET /api/user 
2021-01-19 21:14:17 [logs] info: Req is to GET /api/apply/16d6b86c-b413-4639-8f51-7a9ce7ae8299 
2021-01-19 21:14:17 [logs] error: ERROR: Permission denied. This is only for admin
2021-01-19 21:14:47 [logs] info: Req is to GET /api/apply 
2021-01-19 21:15:18 [logs] info: Req is to GET /api/apply/c5bc5cd7-0ffe-4891-a623-1ec2b478748a 
2021-01-19 21:15:18 [logs] error: ERROR: Permission denied. This is only for admin
2021-01-19 21:16:52 [logs] info: Req is to GET /api/user 
2021-01-19 21:16:52 [logs] info: Req is to GET /api/apply/16d6b86c-b413-4639-8f51-7a9ce7ae8299 
2021-01-19 21:17:33 [logs] info: Req is to GET /api/user 
2021-01-19 21:17:33 [logs] info: Req is to GET /api/apply/16d6b86c-b413-4639-8f51-7a9ce7ae8299 
2021-01-19 21:23:07 [logs] info: Req is to POST /api/apply 
2021-01-19 21:23:07 [logs] error: notNull Violation: Application.image cannot be null
2021-01-19 21:24:50 [logs] info: Req is to POST /api/apply 
2021-01-19 21:24:50 [logs] error: ERROR: 미인증된 사용자입니다.
2021-01-19 21:25:10 [logs] info: Req is to POST /api/auth/register 
2021-01-19 21:25:19 [logs] info: Req is to POST /api/auth/register 
2021-01-19 21:25:32 [logs] info: Req is to POST /api/auth/login 
2021-01-19 21:25:38 [logs] info: Req is to PATCH /api/auth/register 
2021-01-19 21:25:59 [logs] info: Req is to POST /api/auth/login 
2021-01-19 21:26:03 [logs] info: Req is to POST /api/apply 
2021-01-19 21:26:03 [logs] error: Error: 입후보 신청 기간이 아닙니다.
2021-01-19 21:26:15 [logs] info: Req is to POST /api/auth/register 
2021-01-19 21:26:34 [logs] info: Req is to POST /api/apply 
2021-01-19 21:26:34 [logs] error: notNull Violation: Application.image cannot be null
2021-01-19 21:30:34 [logs] info: Req is to POST /api/apply 
2021-01-19 21:31:34 [logs] info: Req is to POST /api/apply 
2021-01-19 21:35:18 [logs] info: Req is to POST /api/apply 
2021-01-19 21:35:19 [logs] error: Validation error
2021-01-19 21:35:25 [logs] info: Req is to GET /api/apply 
2021-01-19 21:35:40 [logs] info: Req is to GET /api/apply/6980e5ab-eb5e-420b-993e-da40d7eed13d 
2021-01-19 21:38:48 [logs] info: Req is to GET /api/user 
2021-01-19 21:38:48 [logs] error: ERROR: 미인증된 사용자입니다.
2021-01-19 21:38:55 [logs] info: Req is to GET /api/user 
2021-01-19 21:38:55 [logs] error: ERROR: 미인증된 사용자입니다.
2021-01-19 21:39:02 [logs] info: Req is to GET /api/user 
2021-01-19 21:39:02 [logs] error: ERROR: 미인증된 사용자입니다.
2021-01-19 21:40:12 [logs] info: Req is to POST /api/auth/login 
2021-01-19 21:40:13 [logs] info: Req is to GET /api/user 
2021-01-19 21:40:13 [logs] info: Req is to GET /api/post?page=1&category=notice 
2021-01-19 21:40:13 [logs] info: Req is to GET /api/post?page=1&category=debate 
2021-01-19 21:40:13 [logs] info: Req is to GET /api/post?page=1&category=edu 
2021-01-19 21:40:15 [logs] info: Req is to GET /api/user 
2021-01-19 21:40:15 [logs] info: Req is to GET /api/apply 
2021-01-19 21:40:20 [logs] info: Req is to GET /api/user 
2021-01-19 21:40:20 [logs] info: Req is to GET /api/post?page=1&category=debate 
2021-01-19 21:40:22 [logs] info: Req is to GET /api/user 
2021-01-19 21:40:29 [logs] info: Req is to POST /api/post 
2021-01-19 21:40:30 [logs] info: Req is to GET /api/user 
2021-01-19 21:40:30 [logs] info: Req is to GET /api/post?page=1&category=debate 
2021-01-19 21:40:32 [logs] info: Req is to GET /api/user 
2021-01-19 21:40:32 [logs] info: Req is to GET /api/post/ef4921f8-be85-4ea9-adc7-c1cf35d8fea6 
2021-01-19 21:40:40 [logs] info: Req is to POST /api/post/ef4921f8-be85-4ea9-adc7-c1cf35d8fea6 
2021-01-19 21:40:40 [logs] info: Req is to GET /api/user 
2021-01-19 21:40:40 [logs] info: Req is to GET /api/post/ef4921f8-be85-4ea9-adc7-c1cf35d8fea6 
2021-01-19 21:40:45 [logs] info: Req is to DELETE /api/post/ef4921f8-be85-4ea9-adc7-c1cf35d8fea6/comment/1 
2021-01-19 21:40:45 [logs] info: Req is to GET /api/user 
2021-01-19 21:40:45 [logs] info: Req is to GET /api/post/ef4921f8-be85-4ea9-adc7-c1cf35d8fea6 
2021-01-19 21:40:51 [logs] info: Req is to DELETE /api/post/ef4921f8-be85-4ea9-adc7-c1cf35d8fea6/ 
2021-01-19 21:40:51 [logs] info: Req is to GET /api/user 
2021-01-19 21:40:51 [logs] info: Req is to GET /api/post?page=1&category=debate 
2021-01-19 21:40:53 [logs] info: Req is to GET /api/user 
2021-01-19 21:40:53 [logs] info: Req is to GET /api/apply 
2021-01-19 21:40:55 [logs] info: Req is to GET /api/user 
2021-01-19 21:40:55 [logs] info: Req is to GET /api/apply/6980e5ab-eb5e-420b-993e-da40d7eed13d 
2021-01-19 21:41:09 [logs] info: Req is to GET /api/user 
2021-01-19 21:41:24 [logs] info: Req is to GET /api/user 
2021-01-19 21:41:29 [logs] info: Req is to POST /api/apply 
2021-01-19 21:41:30 [logs] info: Req is to GET /api/user 
2021-01-19 21:41:30 [logs] info: Req is to GET /api/pledge 
2021-01-19 21:41:33 [logs] info: Req is to GET /api/user 
2021-01-19 21:41:33 [logs] info: Req is to GET /api/pledge 
2021-01-19 21:41:42 [logs] info: Req is to GET /api/user 
2021-01-19 21:41:42 [logs] info: Req is to GET /api/apply 
2021-01-19 21:42:08 [logs] info: Req is to GET /api/user 
2021-01-19 21:42:08 [logs] info: Req is to GET /api/apply 
2021-01-19 21:42:12 [logs] info: Req is to GET /api/user 
2021-01-19 21:42:12 [logs] info: Req is to GET /api/post?page=1&category=notice 
2021-01-19 21:42:12 [logs] info: Req is to GET /api/post?page=1&category=debate 
2021-01-19 21:42:12 [logs] info: Req is to GET /api/post?page=1&category=edu 
2021-01-19 21:42:15 [logs] info: Req is to GET /api/user 
2021-01-19 21:42:15 [logs] info: Req is to GET /api/apply 
2021-01-19 21:42:17 [logs] info: Req is to GET /api/user 
2021-01-19 21:42:17 [logs] info: Req is to GET /api/apply/6980e5ab-eb5e-420b-993e-da40d7eed13d 
2021-01-19 21:44:04 [logs] info: Req is to GET /api/user 
2021-01-19 21:44:04 [logs] info: Req is to GET /api/apply 
2021-01-19 21:44:06 [logs] info: Req is to GET /api/user 
2021-01-19 21:44:06 [logs] info: Req is to GET /api/apply/6980e5ab-eb5e-420b-993e-da40d7eed13d 
2021-01-19 21:45:10 [logs] info: Req is to GET /api/user 
2021-01-19 21:45:10 [logs] info: Req is to GET /api/apply/6980e5ab-eb5e-420b-993e-da40d7eed13d 
2021-01-19 21:45:24 [logs] info: Req is to GET /api/user 
2021-01-19 21:45:24 [logs] info: Req is to GET /api/apply/6980e5ab-eb5e-420b-993e-da40d7eed13d 
2021-01-19 21:45:36 [logs] info: Req is to GET /api/user 
2021-01-19 21:45:36 [logs] info: Req is to GET /api/apply/6980e5ab-eb5e-420b-993e-da40d7eed13d 
2021-01-19 21:45:46 [logs] info: Req is to GET /api/user 
2021-01-19 21:45:51 [logs] info: Req is to POST /api/auth/login 
2021-01-19 21:45:51 [logs] info: Req is to GET /api/user 
2021-01-19 21:45:51 [logs] info: Req is to GET /api/post?page=1&category=notice 
2021-01-19 21:45:51 [logs] info: Req is to GET /api/post?page=1&category=debate 
2021-01-19 21:45:51 [logs] info: Req is to GET /api/post?page=1&category=edu 
2021-01-19 21:45:52 [logs] info: Req is to GET /api/user 
2021-01-19 21:45:52 [logs] info: Req is to GET /api/apply 
2021-01-19 21:45:54 [logs] info: Req is to GET /api/user 
2021-01-19 21:45:54 [logs] info: Req is to GET /api/apply/6980e5ab-eb5e-420b-993e-da40d7eed13d 
2021-01-19 21:46:07 [logs] info: Req is to GET /api/user 
2021-01-19 21:46:07 [logs] info: Req is to GET /api/apply/6980e5ab-eb5e-420b-993e-da40d7eed13d 
2021-01-19 21:46:16 [logs] info: Req is to GET /api/user 
2021-01-19 21:46:16 [logs] info: Req is to GET /api/apply 
2021-01-19 21:46:18 [logs] info: Req is to GET /api/user 
2021-01-19 21:46:22 [logs] info: Req is to POST /api/auth/login 
2021-01-19 21:46:22 [logs] info: Req is to GET /api/user 
2021-01-19 21:46:22 [logs] info: Req is to GET /api/post?page=1&category=notice 
2021-01-19 21:46:22 [logs] info: Req is to GET /api/post?page=1&category=edu 
2021-01-19 21:46:22 [logs] info: Req is to GET /api/post?page=1&category=debate 
2021-01-19 21:46:23 [logs] info: Req is to GET /api/user 
2021-01-19 21:46:23 [logs] info: Req is to GET /api/apply 
2021-01-19 21:46:24 [logs] info: Req is to GET /api/user 
2021-01-19 21:46:38 [logs] info: Req is to POST /api/apply 
2021-01-19 21:46:39 [logs] info: Req is to GET /api/user 
2021-01-19 21:46:39 [logs] info: Req is to GET /api/apply 
2021-01-19 21:46:40 [logs] info: Req is to GET /api/user 
2021-01-19 21:46:40 [logs] info: Req is to GET /api/apply/6980e5ab-eb5e-420b-993e-da40d7eed13d 
2021-01-19 21:46:44 [logs] info: Req is to GET /api/user 
2021-01-19 21:46:52 [logs] info: Req is to POST /api/auth/login 
2021-01-19 21:46:53 [logs] info: Req is to GET /api/user 
2021-01-19 21:46:53 [logs] info: Req is to GET /api/post?page=1&category=notice 
2021-01-19 21:46:53 [logs] info: Req is to GET /api/post?page=1&category=edu 
2021-01-19 21:46:53 [logs] info: Req is to GET /api/post?page=1&category=debate 
2021-01-19 21:46:53 [logs] info: Req is to GET /api/user 
2021-01-19 21:46:53 [logs] info: Req is to GET /api/apply 
2021-01-19 21:46:57 [logs] info: Req is to GET /api/user 
2021-01-19 21:46:57 [logs] info: Req is to GET /api/apply/6980e5ab-eb5e-420b-993e-da40d7eed13d 
2021-01-19 21:51:33 [logs] info: Req is to GET /api/user 
2021-01-19 21:51:33 [logs] info: Req is to GET /api/apply/6980e5ab-eb5e-420b-993e-da40d7eed13d 
2021-01-19 21:51:44 [logs] info: Req is to GET /api/user 
2021-01-19 21:51:45 [logs] info: Req is to GET /api/apply/6980e5ab-eb5e-420b-993e-da40d7eed13d 
2021-01-19 21:52:50 [logs] info: Req is to GET /api/user 
2021-01-19 21:52:50 [logs] info: Req is to GET /api/apply/6980e5ab-eb5e-420b-993e-da40d7eed13d 
2021-01-19 21:52:59 [logs] info: Req is to GET /api/user 
2021-01-19 21:53:00 [logs] info: Req is to GET /api/post?page=1&category=notice 
2021-01-19 21:53:00 [logs] info: Req is to GET /api/post?page=1&category=debate 
2021-01-19 21:53:00 [logs] info: Req is to GET /api/post?page=1&category=edu 
2021-01-19 21:53:01 [logs] info: Req is to GET /api/user 
2021-01-19 21:53:01 [logs] info: Req is to GET /api/apply 
2021-01-19 21:53:07 [logs] info: Req is to GET /api/user 
2021-01-19 21:53:07 [logs] info: Req is to GET /api/apply/6980e5ab-eb5e-420b-993e-da40d7eed13d 
2021-01-19 21:55:43 [logs] info: Req is to GET /api/user 
2021-01-19 21:55:43 [logs] info: Req is to GET /api/post?page=1&category=notice 
2021-01-19 21:55:43 [logs] info: Req is to GET /api/post?page=1&category=debate 
2021-01-19 21:55:43 [logs] info: Req is to GET /api/post?page=1&category=edu 
2021-01-19 21:55:44 [logs] info: Req is to GET /api/user 
2021-01-19 21:55:44 [logs] info: Req is to GET /api/apply 
2021-01-19 21:55:46 [logs] info: Req is to GET /api/user 
2021-01-19 21:55:46 [logs] info: Req is to GET /api/apply/6980e5ab-eb5e-420b-993e-da40d7eed13d 
2021-01-19 21:55:55 [logs] info: Req is to GET /api/user 
2021-01-19 21:55:55 [logs] info: Req is to GET /api/apply/6980e5ab-eb5e-420b-993e-da40d7eed13d 
2021-01-19 21:56:00 [logs] info: Req is to GET /api/user 
2021-01-19 21:56:00 [logs] info: Req is to GET /api/apply/6980e5ab-eb5e-420b-993e-da40d7eed13d 
2021-01-19 21:56:22 [logs] info: Req is to GET /api/user 
2021-01-19 21:56:22 [logs] info: Req is to GET /api/apply/6980e5ab-eb5e-420b-993e-da40d7eed13d 
2021-01-19 21:57:03 [logs] info: Req is to GET /api/user 
2021-01-19 21:57:03 [logs] info: Req is to GET /api/apply/6980e5ab-eb5e-420b-993e-da40d7eed13d 
2021-01-19 21:57:57 [logs] info: Req is to GET /api/user 
2021-01-19 21:57:57 [logs] info: Req is to GET /api/apply/6980e5ab-eb5e-420b-993e-da40d7eed13d 
2021-01-19 21:58:02 [logs] info: Req is to GET /api/user 
2021-01-19 21:58:02 [logs] info: Req is to GET /api/apply/6980e5ab-eb5e-420b-993e-da40d7eed13d 
2021-01-19 21:58:04 [logs] info: Req is to POST /api/apply/ 
2021-01-19 21:58:04 [logs] error: ERROR: Please Login
2021-01-19 21:58:57 [logs] info: Req is to GET /api/user 
2021-01-19 21:58:57 [logs] info: Req is to GET /api/apply/6980e5ab-eb5e-420b-993e-da40d7eed13d 
2021-01-19 21:59:02 [logs] info: Req is to POST /api/apply/ 
2021-01-19 21:59:02 [logs] error: Error: 잘못된 접근입니다.
2021-01-19 21:59:11 [logs] info: Req is to GET /api/user 
2021-01-19 21:59:11 [logs] info: Req is to GET /api/apply/6980e5ab-eb5e-420b-993e-da40d7eed13d 
2021-01-19 21:59:13 [logs] info: Req is to POST /api/apply/ 
2021-01-19 21:59:13 [logs] error: Error: 잘못된 접근입니다.
2021-01-19 21:59:43 [logs] info: Req is to GET /api/apply/6980e5ab-eb5e-420b-993e-da40d7eed13d 
2021-01-19 22:00:12 [logs] info: Req is to GET /api/user 
2021-01-19 22:00:12 [logs] info: Req is to GET /api/apply/6980e5ab-eb5e-420b-993e-da40d7eed13d 
2021-01-19 22:00:49 [logs] info: Req is to GET /api/user 
2021-01-19 22:00:49 [logs] info: Req is to GET /api/apply/6980e5ab-eb5e-420b-993e-da40d7eed13d 
2021-01-19 22:00:54 [logs] info: Req is to POST /api/apply/6980e5ab-eb5e-420b-993e-da40d7eed13d 
2021-01-19 22:00:54 [logs] info: Req is to GET /api/user 
2021-01-19 22:00:54 [logs] info: Req is to GET /api/apply 
2021-01-19 22:00:57 [logs] info: Req is to GET /api/user 
2021-01-19 22:00:57 [logs] info: Req is to GET /api/apply/6980e5ab-eb5e-420b-993e-da40d7eed13d 
2021-01-19 22:00:59 [logs] info: Req is to POST /api/apply/6980e5ab-eb5e-420b-993e-da40d7eed13d 
2021-01-19 22:00:59 [logs] error: ERROR: Permission Denied
2021-01-19 22:01:42 [logs] info: Req is to GET /api/user 
2021-01-19 22:01:42 [logs] info: Req is to GET /api/apply/6980e5ab-eb5e-420b-993e-da40d7eed13d 
2021-01-19 22:02:00 [logs] info: Req is to GET /api/user 
2021-01-19 22:02:00 [logs] info: Req is to GET /api/apply/6980e5ab-eb5e-420b-993e-da40d7eed13d 
2021-01-19 22:02:10 [logs] info: Req is to GET /api/user 
2021-01-19 22:02:10 [logs] info: Req is to GET /api/pledge 
2021-01-19 22:02:13 [logs] info: Req is to GET /api/user 
2021-01-19 22:02:19 [logs] info: Req is to POST /api/auth/login 
2021-01-19 22:02:20 [logs] info: Req is to GET /api/user 
2021-01-19 22:02:20 [logs] info: Req is to GET /api/post?page=1&category=notice 
2021-01-19 22:02:20 [logs] info: Req is to GET /api/post?page=1&category=edu 
2021-01-19 22:02:20 [logs] info: Req is to GET /api/post?page=1&category=debate 
2021-01-19 22:02:21 [logs] info: Req is to GET /api/user 
2021-01-19 22:02:21 [logs] info: Req is to GET /api/pledge 
2021-01-19 22:03:13 [logs] info: Req is to GET /api/user 
2021-01-19 22:03:13 [logs] info: Req is to GET /api/pledge 
2021-01-19 22:03:17 [logs] info: Req is to GET /api/user 
2021-01-19 22:03:49 [logs] info: Req is to GET /api/user 
2021-01-19 22:03:54 [logs] info: Req is to POST /api/auth/login 
2021-01-19 22:03:55 [logs] info: Req is to GET /api/user 
2021-01-19 22:03:55 [logs] info: Req is to GET /api/post?page=1&category=notice 
2021-01-19 22:03:55 [logs] info: Req is to GET /api/post?page=1&category=debate 
2021-01-19 22:03:55 [logs] info: Req is to GET /api/post?page=1&category=edu 
2021-01-19 22:03:56 [logs] info: Req is to GET /api/user 
2021-01-19 22:03:56 [logs] info: Req is to GET /api/post?page=1&category=notice 
2021-01-19 22:03:56 [logs] info: Req is to GET /api/post?page=1&category=debate 
2021-01-19 22:03:56 [logs] info: Req is to GET /api/post?page=1&category=edu 
2021-01-19 22:03:57 [logs] info: Req is to GET /api/user 
2021-01-19 22:03:57 [logs] info: Req is to GET /api/pledge 
2021-01-19 22:04:23 [logs] info: Req is to GET /api/user 
2021-01-19 22:04:26 [logs] info: Req is to GET /api/user 
2021-01-19 22:04:26 [logs] info: Req is to GET /api/pledge 
2021-01-19 22:04:27 [logs] info: Req is to GET /api/user 
2021-01-19 22:04:39 [logs] info: Req is to POST /api/pledge 
2021-01-19 22:04:40 [logs] info: Req is to GET /api/user 
2021-01-19 22:04:40 [logs] info: Req is to GET /api/pledge 
2021-01-19 22:04:52 [logs] info: Req is to GET /api/user 
2021-01-19 22:04:52 [logs] info: Req is to GET /api/pledge/6980e5ab-eb5e-420b-993e-da40d7eed13d 
2021-01-19 22:06:44 [logs] info: Req is to GET /api/user 
2021-01-19 22:06:44 [logs] info: Req is to GET /api/pledge 
2021-01-19 22:07:05 [logs] info: Req is to GET /api/user 
2021-01-19 22:07:05 [logs] info: Req is to GET /api/pledge/6980e5ab-eb5e-420b-993e-da40d7eed13d 
2021-01-19 22:07:42 [logs] info: Req is to GET /api/user 
2021-01-19 22:07:42 [logs] info: Req is to GET /api/pledge/6980e5ab-eb5e-420b-993e-da40d7eed13d 
2021-01-19 22:08:54 [logs] info: Req is to GET /api/user 
2021-01-19 22:08:54 [logs] info: Req is to GET /api/pledge/6980e5ab-eb5e-420b-993e-da40d7eed13d 
2021-01-19 22:09:22 [logs] info: Req is to GET /api/user 
2021-01-19 22:09:22 [logs] info: Req is to GET /api/pledge/6980e5ab-eb5e-420b-993e-da40d7eed13d 
2021-01-19 22:09:47 [logs] info: Req is to GET /api/user 
2021-01-19 22:09:47 [logs] info: Req is to GET /api/pledge/6980e5ab-eb5e-420b-993e-da40d7eed13d 
2021-01-19 22:10:39 [logs] info: Req is to GET /api/user 
2021-01-19 22:10:39 [logs] info: Req is to GET /api/pledge/6980e5ab-eb5e-420b-993e-da40d7eed13d 
2021-01-19 22:11:24 [logs] info: Req is to GET /api/user 
2021-01-19 22:11:24 [logs] info: Req is to GET /api/pledge/6980e5ab-eb5e-420b-993e-da40d7eed13d 
2021-01-19 22:12:07 [logs] info: Req is to GET /api/user 
2021-01-19 22:12:07 [logs] info: Req is to GET /api/pledge/6980e5ab-eb5e-420b-993e-da40d7eed13d 
2021-01-19 22:12:23 [logs] info: Req is to GET /api/user 
2021-01-19 22:12:23 [logs] info: Req is to GET /api/pledge/6980e5ab-eb5e-420b-993e-da40d7eed13d 
2021-01-19 22:12:40 [logs] info: Req is to GET /api/user 
2021-01-19 22:12:40 [logs] info: Req is to GET /api/pledge/6980e5ab-eb5e-420b-993e-da40d7eed13d 
2021-01-19 22:14:38 [logs] info: Req is to GET /api/user 
2021-01-19 22:14:38 [logs] info: Req is to GET /api/pledge/6980e5ab-eb5e-420b-993e-da40d7eed13d 
2021-01-19 22:14:45 [logs] info: Req is to GET /api/user 
2021-01-19 22:14:45 [logs] info: Req is to GET /api/post?page=1&category=notice 
2021-01-19 22:14:45 [logs] info: Req is to GET /api/post?page=1&category=debate 
2021-01-19 22:14:45 [logs] info: Req is to GET /api/post?page=1&category=edu 
2021-01-19 22:14:46 [logs] info: Req is to GET /api/user 
2021-01-19 22:14:46 [logs] info: Req is to GET /api/apply 
2021-01-19 22:14:56 [logs] info: Req is to GET /api/user 
2021-01-19 22:14:56 [logs] info: Req is to GET /api/apply 
2021-01-19 22:14:57 [logs] info: Req is to GET /api/user 
2021-01-19 22:15:00 [logs] info: Req is to POST /api/apply 
2021-01-19 22:15:01 [logs] info: Req is to GET /api/user 
2021-01-19 22:15:01 [logs] info: Req is to GET /api/apply 
2021-01-19 22:15:03 [logs] info: Req is to GET /api/user 
2021-01-19 22:15:03 [logs] info: Req is to GET /api/apply/6980e5ab-eb5e-420b-993e-da40d7eed13d 
2021-01-19 22:15:05 [logs] info: Req is to GET /api/user 
2021-01-19 22:15:09 [logs] info: Req is to POST /api/auth/login 
2021-01-19 22:15:09 [logs] info: Req is to GET /api/user 
2021-01-19 22:15:09 [logs] info: Req is to GET /api/post?page=1&category=notice 
2021-01-19 22:15:09 [logs] info: Req is to GET /api/post?page=1&category=debate 
2021-01-19 22:15:09 [logs] info: Req is to GET /api/post?page=1&category=edu 
2021-01-19 22:15:10 [logs] info: Req is to GET /api/user 
2021-01-19 22:15:10 [logs] info: Req is to GET /api/apply 
2021-01-19 22:15:12 [logs] info: Req is to GET /api/user 
2021-01-19 22:15:12 [logs] info: Req is to GET /api/apply/6980e5ab-eb5e-420b-993e-da40d7eed13d 
2021-01-19 22:15:16 [logs] info: Req is to POST /api/apply/6980e5ab-eb5e-420b-993e-da40d7eed13d 
2021-01-19 22:15:16 [logs] info: Req is to GET /api/user 
2021-01-19 22:15:16 [logs] info: Req is to GET /api/apply 
2021-01-19 22:15:24 [logs] info: Req is to GET /api/user 
2021-01-19 22:15:24 [logs] info: Req is to GET /api/apply/6980e5ab-eb5e-420b-993e-da40d7eed13d 
2021-01-19 22:15:48 [logs] info: Req is to GET /api/user 
2021-01-19 22:15:48 [logs] info: Req is to GET /api/apply/6980e5ab-eb5e-420b-993e-da40d7eed13d 
2021-01-19 22:15:52 [logs] info: Req is to GET /api/user 
2021-01-19 22:15:56 [logs] info: Req is to POST /api/auth/login 
2021-01-19 22:15:57 [logs] info: Req is to GET /api/user 
2021-01-19 22:15:57 [logs] info: Req is to GET /api/post?page=1&category=edu 
2021-01-19 22:15:57 [logs] info: Req is to GET /api/post?page=1&category=notice 
2021-01-19 22:15:57 [logs] info: Req is to GET /api/post?page=1&category=debate 
2021-01-19 22:15:58 [logs] info: Req is to GET /api/user 
2021-01-19 22:15:58 [logs] info: Req is to GET /api/pledge 
2021-01-19 22:16:00 [logs] info: Req is to GET /api/user 
2021-01-19 22:16:02 [logs] info: Req is to POST /api/pledge 
2021-01-19 22:16:03 [logs] info: Req is to GET /api/user 
2021-01-19 22:16:03 [logs] info: Req is to GET /api/pledge 
2021-01-19 22:16:04 [logs] info: Req is to GET /api/user 
2021-01-19 22:16:04 [logs] info: Req is to GET /api/pledge/6980e5ab-eb5e-420b-993e-da40d7eed13d 
2021-01-19 22:16:26 [logs] info: Req is to GET /api/user 
2021-01-19 22:16:27 [logs] info: Req is to GET /api/pledge 
2021-01-19 22:16:28 [logs] info: Req is to GET /api/user 
2021-01-19 22:16:28 [logs] info: Req is to GET /api/pledge 
2021-01-19 22:16:37 [logs] info: Req is to GET /api/user 
2021-01-19 22:16:37 [logs] info: Req is to GET /api/post?page=1&category=notice 
2021-01-19 22:16:37 [logs] info: Req is to GET /api/post?page=1&category=debate 
2021-01-19 22:16:37 [logs] info: Req is to GET /api/post?page=1&category=edu 
2021-01-19 22:16:40 [logs] info: Req is to GET /api/user 
2021-01-19 22:16:40 [logs] info: Req is to GET /api/post?page=1&category=notice 
2021-01-19 22:16:40 [logs] info: Req is to GET /api/post?page=1&category=debate 
2021-01-19 22:16:40 [logs] info: Req is to GET /api/post?page=1&category=edu 
2021-01-19 22:16:40 [logs] info: Req is to GET /api/user 
2021-01-19 22:16:40 [logs] info: Req is to GET /api/apply 
2021-01-19 22:16:42 [logs] info: Req is to GET /api/user 
2021-01-19 22:16:42 [logs] info: Req is to GET /api/apply/6980e5ab-eb5e-420b-993e-da40d7eed13d 
2021-01-19 22:16:44 [logs] info: Req is to GET /api/user 
2021-01-19 22:16:44 [logs] info: Req is to GET /api/pledge 
2021-01-19 22:16:46 [logs] info: Req is to GET /api/user 
2021-01-19 22:16:46 [logs] info: Req is to GET /api/pledge/6980e5ab-eb5e-420b-993e-da40d7eed13d 
2021-01-19 22:16:46 [logs] error: ERROR: Cannot find pledge
2021-01-19 22:16:57 [logs] info: Req is to GET /api/user 
2021-01-19 22:16:57 [logs] info: Req is to GET /api/pledge 
2021-01-19 22:17:02 [logs] info: Req is to GET /api/user 
2021-01-19 22:17:02 [logs] info: Req is to GET /api/pledge 
2021-01-19 22:17:22 [logs] info: Req is to GET /api/user 
2021-01-19 22:17:23 [logs] info: Req is to GET /api/pledge/6980e5ab-eb5e-420b-993e-da40d7eed13d 
2021-01-19 22:17:23 [logs] error: ERROR: Cannot find pledge
2021-01-19 22:18:07 [logs] info: Req is to GET /api/user 
2021-01-19 22:18:07 [logs] info: Req is to GET /api/pledge 
2021-01-19 22:18:09 [logs] info: Req is to GET /api/user 
2021-01-19 22:18:09 [logs] info: Req is to GET /api/pledge 
2021-01-19 22:18:13 [logs] info: Req is to GET /api/user 
2021-01-19 22:18:16 [logs] info: Req is to POST /api/pledge 
2021-01-19 22:18:17 [logs] info: Req is to GET /api/user 
2021-01-19 22:18:17 [logs] info: Req is to GET /api/pledge 
2021-01-19 22:18:19 [logs] info: Req is to GET /api/user 
2021-01-19 22:18:19 [logs] info: Req is to GET /api/pledge/6980e5ab-eb5e-420b-993e-da40d7eed13d 
2021-01-19 22:18:27 [logs] info: Req is to GET /api/user 
2021-01-19 22:18:28 [logs] info: Req is to GET /api/pledge/6980e5ab-eb5e-420b-993e-da40d7eed13d 
2021-01-19 22:18:28 [logs] info: Req is to GET /api/user 
2021-01-19 22:18:28 [logs] info: Req is to GET /api/pledge/6980e5ab-eb5e-420b-993e-da40d7eed13d 
2021-01-19 22:18:57 [logs] info: Req is to GET /api/user 
2021-01-19 22:18:57 [logs] info: Req is to GET /api/pledge/6980e5ab-eb5e-420b-993e-da40d7eed13d 
2021-01-19 22:19:02 [logs] info: Req is to GET /api/user 
2021-01-19 22:19:02 [logs] info: Req is to GET /api/pledge/6980e5ab-eb5e-420b-993e-da40d7eed13d 
2021-01-19 22:19:07 [logs] info: Req is to GET /api/user 
2021-01-19 22:19:07 [logs] info: Req is to GET /api/pledge/6980e5ab-eb5e-420b-993e-da40d7eed13d 
2021-01-19 22:19:07 [logs] info: Req is to GET /api/user 
2021-01-19 22:19:07 [logs] info: Req is to GET /api/pledge/6980e5ab-eb5e-420b-993e-da40d7eed13d 
2021-01-19 22:19:34 [logs] info: Req is to GET /api/user 
2021-01-19 22:19:34 [logs] info: Req is to GET /api/pledge/6980e5ab-eb5e-420b-993e-da40d7eed13d 
2021-01-19 22:19:42 [logs] info: Req is to GET /api/user 
2021-01-19 22:19:42 [logs] info: Req is to GET /api/pledge/6980e5ab-eb5e-420b-993e-da40d7eed13d 
2021-01-19 22:20:20 [logs] info: Req is to GET /api/user 
2021-01-19 22:20:20 [logs] info: Req is to GET /api/pledge/6980e5ab-eb5e-420b-993e-da40d7eed13d 
2021-01-19 22:20:24 [logs] info: Req is to GET /api/user 
2021-01-19 22:20:24 [logs] info: Req is to GET /api/pledge/6980e5ab-eb5e-420b-993e-da40d7eed13d 
2021-01-19 22:20:27 [logs] info: Req is to GET /api/user 
2021-01-19 22:20:27 [logs] info: Req is to GET /api/pledge/6980e5ab-eb5e-420b-993e-da40d7eed13d 
2021-01-19 22:20:37 [logs] info: Req is to GET /api/user 
2021-01-19 22:20:37 [logs] info: Req is to GET /api/pledge/6980e5ab-eb5e-420b-993e-da40d7eed13d 
2021-01-19 22:20:38 [logs] info: Req is to GET /api/user 
2021-01-19 22:20:38 [logs] info: Req is to GET /api/pledge/6980e5ab-eb5e-420b-993e-da40d7eed13d 
2021-01-19 22:22:08 [logs] info: Req is to GET /api/user 
2021-01-19 22:22:08 [logs] info: Req is to GET /api/pledge/6980e5ab-eb5e-420b-993e-da40d7eed13d 
2021-01-19 22:22:13 [logs] info: Req is to GET /api/user 
2021-01-19 22:22:13 [logs] info: Req is to GET /api/pledge/6980e5ab-eb5e-420b-993e-da40d7eed13d 
2021-01-19 22:22:25 [logs] info: Req is to GET /api/user 
2021-01-19 22:22:25 [logs] info: Req is to GET /api/pledge/6980e5ab-eb5e-420b-993e-da40d7eed13d 
2021-01-19 22:22:26 [logs] info: Req is to GET /api/user 
2021-01-19 22:22:26 [logs] info: Req is to GET /api/pledge/6980e5ab-eb5e-420b-993e-da40d7eed13d 
2021-01-19 22:22:42 [logs] info: Req is to POST /api/auth/login 
2021-01-19 22:22:50 [logs] info: Req is to PUT /api/pledge/admin 
2021-01-19 22:22:55 [logs] info: Req is to GET /api/user 
2021-01-19 22:22:55 [logs] info: Req is to GET /api/pledge/6980e5ab-eb5e-420b-993e-da40d7eed13d 
2021-01-19 22:22:56 [logs] info: Req is to GET /api/user 
2021-01-19 22:22:56 [logs] info: Req is to GET /api/pledge/6980e5ab-eb5e-420b-993e-da40d7eed13d 
2021-01-19 22:22:58 [logs] info: Req is to PUT /api/pledge/admin 
2021-01-19 22:23:00 [logs] info: Req is to GET /api/user 
2021-01-19 22:23:00 [logs] info: Req is to GET /api/post?page=1&category=notice 
2021-01-19 22:23:00 [logs] info: Req is to GET /api/post?page=1&category=debate 
2021-01-19 22:23:00 [logs] info: Req is to GET /api/post?page=1&category=edu 
2021-01-19 22:23:01 [logs] info: Req is to GET /api/user 
2021-01-19 22:23:01 [logs] info: Req is to GET /api/pledge 
2021-01-19 22:23:03 [logs] info: Req is to GET /api/user 
2021-01-19 22:23:03 [logs] info: Req is to GET /api/pledge/6980e5ab-eb5e-420b-993e-da40d7eed13d 
2021-01-19 22:23:06 [logs] info: Req is to PUT /api/pledge/admin 
2021-01-19 22:23:07 [logs] info: Req is to GET /api/user 
2021-01-19 22:23:07 [logs] info: Req is to GET /api/pledge/6980e5ab-eb5e-420b-993e-da40d7eed13d 
2021-01-19 22:23:10 [logs] info: Req is to PUT /api/pledge/admin 
2021-01-19 22:23:12 [logs] info: Req is to GET /api/user 
2021-01-19 22:23:12 [logs] info: Req is to GET /api/pledge/6980e5ab-eb5e-420b-993e-da40d7eed13d 
2021-01-19 22:25:36 [logs] info: Req is to GET /api/user 
2021-01-19 22:25:36 [logs] info: Req is to GET /api/pledge/6980e5ab-eb5e-420b-993e-da40d7eed13d 
2021-01-19 22:26:15 [logs] info: Req is to GET /api/user 
2021-01-19 22:26:15 [logs] info: Req is to GET /api/pledge/6980e5ab-eb5e-420b-993e-da40d7eed13d 
2021-01-19 22:27:01 [logs] info: Req is to GET /api/user 
2021-01-19 22:27:04 [logs] info: Req is to GET /api/user 
2021-01-19 22:27:04 [logs] info: Req is to GET /api/pledge/6980e5ab-eb5e-420b-993e-da40d7eed13d 
2021-01-19 22:29:38 [logs] info: Req is to GET /api/user 
2021-01-19 22:29:38 [logs] info: Req is to GET /api/pledge/6980e5ab-eb5e-420b-993e-da40d7eed13d 
2021-01-19 22:30:19 [logs] info: Req is to GET /api/user 
2021-01-19 22:30:22 [logs] info: Req is to GET /api/user 
2021-01-19 22:30:22 [logs] info: Req is to GET /api/pledge/6980e5ab-eb5e-420b-993e-da40d7eed13d 
2021-01-19 22:30:51 [logs] info: Req is to GET /api/user 
2021-01-19 22:30:51 [logs] info: Req is to GET /api/pledge/6980e5ab-eb5e-420b-993e-da40d7eed13d 
2021-01-19 22:30:54 [logs] info: Req is to GET /api/user 
2021-01-19 22:30:54 [logs] info: Req is to GET /api/pledge/6980e5ab-eb5e-420b-993e-da40d7eed13d 
2021-01-19 22:31:35 [logs] info: Req is to GET /api/user 
2021-01-19 22:31:35 [logs] info: Req is to GET /api/pledge/6980e5ab-eb5e-420b-993e-da40d7eed13d 
2021-01-19 22:31:38 [logs] info: Req is to GET /api/user 
2021-01-19 22:31:38 [logs] info: Req is to GET /api/pledge/6980e5ab-eb5e-420b-993e-da40d7eed13d 
2021-01-19 22:32:03 [logs] info: Req is to GET /api/user 
2021-01-19 22:32:03 [logs] info: Req is to GET /api/pledge/6980e5ab-eb5e-420b-993e-da40d7eed13d 
2021-01-19 22:32:06 [logs] info: Req is to PUT /api/pledge/ 
2021-01-19 22:32:06 [logs] error: ERROR: Please Login
2021-01-19 22:32:22 [logs] info: Req is to GET /api/user 
2021-01-19 22:32:26 [logs] info: Req is to GET /api/user 
2021-01-19 22:32:26 [logs] info: Req is to GET /api/pledge/6980e5ab-eb5e-420b-993e-da40d7eed13d 
2021-01-19 22:32:31 [logs] info: Req is to GET /api/user 
2021-01-19 22:32:31 [logs] info: Req is to GET /api/pledge/6980e5ab-eb5e-420b-993e-da40d7eed13d 
2021-01-19 22:32:33 [logs] info: Req is to PUT /api/pledge/ 
2021-01-19 22:32:33 [logs] error: Can't find URL on this server!
2021-01-19 22:32:58 [logs] info: Req is to GET /api/user 
2021-01-19 22:32:58 [logs] info: Req is to GET /api/pledge/6980e5ab-eb5e-420b-993e-da40d7eed13d 
2021-01-19 22:33:01 [logs] info: Req is to PUT /api/pledge/6980e5ab-eb5e-420b-993e-da40d7eed13d 
2021-01-19 22:33:01 [logs] info: Req is to GET /api/user 
2021-01-19 22:33:01 [logs] info: Req is to GET /api/pledge/6980e5ab-eb5e-420b-993e-da40d7eed13d 
2021-01-19 22:33:21 [logs] info: Req is to GET /api/user 
2021-01-19 22:33:21 [logs] info: Req is to GET /api/pledge/6980e5ab-eb5e-420b-993e-da40d7eed13d 
2021-01-19 22:33:35 [logs] info: Req is to GET /api/user 
2021-01-19 22:33:35 [logs] info: Req is to GET /api/apply 
2021-01-19 22:34:20 [logs] info: Req is to GET /api/user 
2021-01-19 22:34:20 [logs] info: Req is to GET /api/post?page=1&category=edu 
2021-01-19 22:34:23 [logs] info: Req is to GET /api/user 
2021-01-19 22:34:23 [logs] info: Req is to GET /api/post?page=1&category=edu 
2021-01-19 22:34:24 [logs] info: Req is to GET /api/user 
2021-01-19 22:34:24 [logs] info: Req is to GET /api/post?page=1&category=notice 
2021-01-19 22:34:26 [logs] info: Req is to GET /api/user 
2021-01-19 22:34:26 [logs] info: Req is to GET /api/post?page=1&category=notice 
2021-01-19 22:34:29 [logs] info: Req is to GET /api/user 
2021-01-19 22:34:31 [logs] info: Req is to GET /api/user 
2021-01-19 22:34:31 [logs] info: Req is to GET /api/post?page=1&category=edu 
2021-01-19 22:34:32 [logs] info: Req is to GET /api/user 
2021-01-19 22:34:34 [logs] info: Req is to GET /api/user 
2021-01-19 22:34:34 [logs] info: Req is to GET /api/post?page=1&category=debate 
2021-01-19 22:34:35 [logs] info: Req is to GET /api/user 
2021-01-19 22:34:38 [logs] info: Req is to POST /api/post 
2021-01-19 22:34:39 [logs] info: Req is to GET /api/user 
2021-01-19 22:34:39 [logs] info: Req is to GET /api/post?page=1&category=debate 
2021-01-19 22:34:41 [logs] info: Req is to GET /api/user 
2021-01-19 22:34:41 [logs] info: Req is to GET /api/post/e6980fc3-fae3-414b-a8dc-99a3ac9a5051 
2021-01-19 22:34:43 [logs] info: Req is to POST /api/post/e6980fc3-fae3-414b-a8dc-99a3ac9a5051 
2021-01-19 22:34:43 [logs] info: Req is to GET /api/user 
2021-01-19 22:34:43 [logs] info: Req is to GET /api/post/e6980fc3-fae3-414b-a8dc-99a3ac9a5051 
2021-01-19 22:34:45 [logs] info: Req is to POST /api/post/e6980fc3-fae3-414b-a8dc-99a3ac9a5051/comment/2 
2021-01-19 22:34:45 [logs] info: Req is to GET /api/user 
2021-01-19 22:34:45 [logs] info: Req is to GET /api/post/e6980fc3-fae3-414b-a8dc-99a3ac9a5051 
2021-01-19 22:34:48 [logs] info: Req is to POST /api/post/e6980fc3-fae3-414b-a8dc-99a3ac9a5051/comment/2 
2021-01-19 22:34:48 [logs] info: Req is to GET /api/user 
2021-01-19 22:34:48 [logs] info: Req is to GET /api/post/e6980fc3-fae3-414b-a8dc-99a3ac9a5051 
2021-01-19 22:34:50 [logs] info: Req is to DELETE /api/post/subComment/2 
2021-01-19 22:34:50 [logs] info: Req is to GET /api/user 
2021-01-19 22:34:51 [logs] info: Req is to GET /api/post/e6980fc3-fae3-414b-a8dc-99a3ac9a5051 
2021-01-19 22:34:52 [logs] info: Req is to DELETE /api/post/e6980fc3-fae3-414b-a8dc-99a3ac9a5051/comment/2 
2021-01-19 22:34:52 [logs] info: Req is to GET /api/user 
2021-01-19 22:34:52 [logs] info: Req is to GET /api/post/e6980fc3-fae3-414b-a8dc-99a3ac9a5051 
2021-01-19 22:34:54 [logs] info: Req is to DELETE /api/post/e6980fc3-fae3-414b-a8dc-99a3ac9a5051/ 
2021-01-19 22:34:54 [logs] info: Req is to GET /api/user 
2021-01-19 22:34:54 [logs] info: Req is to GET /api/post?page=1&category=debate 
2021-01-19 22:34:58 [logs] info: Req is to GET /api/user 
2021-01-19 22:34:58 [logs] info: Req is to GET /api/apply 
2021-01-19 22:35:01 [logs] info: Req is to GET /api/user 
2021-01-19 22:35:01 [logs] info: Req is to GET /api/apply/6980e5ab-eb5e-420b-993e-da40d7eed13d 
2021-01-19 22:35:04 [logs] info: Req is to GET /api/user 
2021-01-19 22:35:04 [logs] info: Req is to GET /api/pledge 
2021-01-19 22:35:05 [logs] info: Req is to GET /api/user 
2021-01-19 22:35:05 [logs] info: Req is to GET /api/pledge/6980e5ab-eb5e-420b-993e-da40d7eed13d 
2021-01-19 22:35:12 [logs] info: Req is to GET /api/user 
2021-01-19 22:35:12 [logs] info: Req is to GET /api/pledge/6980e5ab-eb5e-420b-993e-da40d7eed13d 
2021-01-19 22:35:34 [logs] info: Req is to GET /api/user 
2021-01-19 22:35:34 [logs] info: Req is to GET /api/apply 
2021-01-19 22:35:35 [logs] info: Req is to GET /api/user 
2021-01-19 22:35:35 [logs] info: Req is to GET /api/apply 
2021-01-19 22:35:47 [logs] info: Req is to GET /api/user 
2021-01-19 22:35:47 [logs] info: Req is to GET /api/apply 
2021-01-19 22:41:23 [logs] info: Req is to GET /api/user 
2021-01-19 22:41:23 [logs] info: Req is to GET /api/apply 
2021-01-19 22:41:26 [logs] info: Req is to GET /api/user 
2021-01-19 22:41:26 [logs] info: Req is to GET /api/post?page=1&category=debate 
2021-01-19 22:41:27 [logs] info: Req is to GET /api/user 
2021-01-19 22:41:30 [logs] info: Req is to POST /api/post 
2021-01-19 22:41:31 [logs] info: Req is to GET /api/user 
2021-01-19 22:41:31 [logs] info: Req is to GET /api/post?page=1&category=debate 
2021-01-19 22:41:32 [logs] info: Req is to GET /api/user 
2021-01-19 22:41:32 [logs] info: Req is to GET /api/post/e08c0c19-f7d8-4430-84ba-41ced14ad45f 
2021-01-19 22:41:36 [logs] info: Req is to GET /api/user 
2021-01-19 22:41:36 [logs] info: Req is to GET /api/post/post.ejs 
2021-01-19 22:41:36 [logs] error: Error: Cannot find post
2021-01-19 22:41:50 [logs] info: Req is to POST /api/post/e08c0c19-f7d8-4430-84ba-41ced14ad45f 
2021-01-19 22:41:50 [logs] info: Req is to GET /api/user 
2021-01-19 22:41:50 [logs] info: Req is to GET /api/post/e08c0c19-f7d8-4430-84ba-41ced14ad45f 
2021-01-19 22:41:52 [logs] info: Req is to POST /api/post/e08c0c19-f7d8-4430-84ba-41ced14ad45f/comment/3 
2021-01-19 22:41:52 [logs] info: Req is to GET /api/user 
2021-01-19 22:41:52 [logs] info: Req is to GET /api/post/e08c0c19-f7d8-4430-84ba-41ced14ad45f 
2021-01-19 22:41:57 [logs] info: Req is to POST /api/post/e08c0c19-f7d8-4430-84ba-41ced14ad45f/comment/3 
2021-01-19 22:41:57 [logs] info: Req is to GET /api/user 
2021-01-19 22:41:57 [logs] info: Req is to GET /api/post/e08c0c19-f7d8-4430-84ba-41ced14ad45f 
2021-01-19 22:43:31 [logs] info: Req is to GET /api/user 
2021-01-19 22:43:31 [logs] info: Req is to GET /api/post/e08c0c19-f7d8-4430-84ba-41ced14ad45f 
2021-01-19 22:43:34 [logs] info: Req is to DELETE /api/post/subComment/ 
2021-01-19 22:43:34 [logs] error: Error: permission Denied
2021-01-19 22:44:01 [logs] info: Req is to DELETE /api/post/e08c0c19-f7d8-4430-84ba-41ced14ad45f/ 
2021-01-19 22:44:01 [logs] info: Req is to GET /api/user 
2021-01-19 22:44:01 [logs] info: Req is to GET /api/post?page=1&category=debate 
2021-01-19 22:44:03 [logs] info: Req is to GET /api/user 
2021-01-19 22:44:06 [logs] info: Req is to POST /api/post 
2021-01-19 22:44:07 [logs] info: Req is to GET /api/user 
2021-01-19 22:44:07 [logs] info: Req is to GET /api/post?page=1&category=debate 
2021-01-19 22:44:08 [logs] info: Req is to GET /api/user 
2021-01-19 22:44:08 [logs] info: Req is to GET /api/post/d74312c3-d089-4064-ab91-d0ce745150a7 
2021-01-19 22:44:11 [logs] info: Req is to POST /api/post/d74312c3-d089-4064-ab91-d0ce745150a7 
2021-01-19 22:44:11 [logs] info: Req is to GET /api/user 
2021-01-19 22:44:11 [logs] info: Req is to GET /api/post/d74312c3-d089-4064-ab91-d0ce745150a7 
2021-01-19 22:44:13 [logs] info: Req is to DELETE /api/post/d74312c3-d089-4064-ab91-d0ce745150a7/comment/ 
2021-01-19 22:44:13 [logs] error: Can't find URL on this server!
2021-01-19 22:44:17 [logs] info: Req is to POST /api/post/d74312c3-d089-4064-ab91-d0ce745150a7/comment/4 
2021-01-19 22:44:17 [logs] info: Req is to GET /api/user 
2021-01-19 22:44:17 [logs] info: Req is to GET /api/post/d74312c3-d089-4064-ab91-d0ce745150a7 
2021-01-19 22:44:25 [logs] info: Req is to DELETE /api/post/subComment/ 
2021-01-19 22:44:25 [logs] error: Error: permission Denied
2021-01-19 22:47:32 [logs] info: Req is to DELETE /api/post/d74312c3-d089-4064-ab91-d0ce745150a7/comment/ 
2021-01-19 22:47:32 [logs] error: Can't find URL on this server!
2021-01-19 22:47:33 [logs] info: Req is to GET /api/user 
2021-01-19 22:47:34 [logs] info: Req is to GET /api/post/d74312c3-d089-4064-ab91-d0ce745150a7 
2021-01-19 22:47:43 [logs] info: Req is to GET /api/user 
2021-01-19 22:47:43 [logs] info: Req is to GET /api/post/d74312c3-d089-4064-ab91-d0ce745150a7 
2021-01-19 22:47:49 [logs] info: Req is to DELETE /api/post/subComment/5 
2021-01-19 22:47:49 [logs] info: Req is to GET /api/user 
2021-01-19 22:47:49 [logs] info: Req is to GET /api/post/d74312c3-d089-4064-ab91-d0ce745150a7 
2021-01-19 22:47:51 [logs] info: Req is to POST /api/post/d74312c3-d089-4064-ab91-d0ce745150a7/comment/4 
2021-01-19 22:47:52 [logs] info: Req is to GET /api/user 
2021-01-19 22:47:52 [logs] info: Req is to GET /api/post/d74312c3-d089-4064-ab91-d0ce745150a7 
2021-01-19 22:47:53 [logs] info: Req is to GET /api/user 
2021-01-19 22:47:53 [logs] info: Req is to GET /api/post/d74312c3-d089-4064-ab91-d0ce745150a7 
2021-01-19 22:47:55 [logs] info: Req is to POST /api/post/d74312c3-d089-4064-ab91-d0ce745150a7/comment/4 
2021-01-19 22:47:55 [logs] info: Req is to GET /api/user 
2021-01-19 22:47:55 [logs] info: Req is to GET /api/post/d74312c3-d089-4064-ab91-d0ce745150a7 
2021-01-19 22:47:57 [logs] info: Req is to DELETE /api/post/subComment/7 
2021-01-19 22:47:57 [logs] info: Req is to GET /api/user 
2021-01-19 22:47:57 [logs] info: Req is to GET /api/post/d74312c3-d089-4064-ab91-d0ce745150a7 
2021-01-19 22:48:00 [logs] info: Req is to DELETE /api/post/d74312c3-d089-4064-ab91-d0ce745150a7/comment/4 
2021-01-19 22:48:00 [logs] info: Req is to GET /api/user 
2021-01-19 22:48:00 [logs] info: Req is to GET /api/post/d74312c3-d089-4064-ab91-d0ce745150a7 
2021-01-19 22:48:02 [logs] info: Req is to POST /api/post/d74312c3-d089-4064-ab91-d0ce745150a7 
2021-01-19 22:48:02 [logs] info: Req is to GET /api/user 
2021-01-19 22:48:02 [logs] info: Req is to GET /api/post/d74312c3-d089-4064-ab91-d0ce745150a7 
2021-01-19 22:48:03 [logs] info: Req is to GET /api/user 
2021-01-19 22:48:07 [logs] info: Req is to POST /api/auth/login 
2021-01-19 22:48:07 [logs] info: Req is to GET /api/user 
2021-01-19 22:48:07 [logs] info: Req is to GET /api/post?page=1&category=notice 
2021-01-19 22:48:07 [logs] info: Req is to GET /api/post?page=1&category=debate 
2021-01-19 22:48:07 [logs] info: Req is to GET /api/post?page=1&category=edu 
2021-01-19 22:48:09 [logs] info: Req is to GET /api/user 
2021-01-19 22:48:09 [logs] info: Req is to GET /api/post?page=1&category=debate 
2021-01-19 22:48:10 [logs] info: Req is to GET /api/user 
2021-01-19 22:48:10 [logs] info: Req is to GET /api/post/d74312c3-d089-4064-ab91-d0ce745150a7 
2021-01-19 22:48:15 [logs] info: Req is to DELETE /api/post/d74312c3-d089-4064-ab91-d0ce745150a7/comment/5 
2021-01-19 22:48:15 [logs] error: Error: Permission Denied
2021-01-19 22:48:19 [logs] info: Req is to POST /api/post/d74312c3-d089-4064-ab91-d0ce745150a7/comment/5 
2021-01-19 22:48:19 [logs] info: Req is to GET /api/user 
2021-01-19 22:48:19 [logs] info: Req is to GET /api/post/d74312c3-d089-4064-ab91-d0ce745150a7 
2021-01-19 22:48:31 [logs] info: Req is to DELETE /api/post/d74312c3-d089-4064-ab91-d0ce745150a7/ 
2021-01-19 22:48:31 [logs] error: Error: permission Denied
2021-01-19 22:48:57 [logs] info: Req is to GET /api/user 
2021-01-19 22:48:58 [logs] info: Req is to GET /api/post/d74312c3-d089-4064-ab91-d0ce745150a7 
2021-01-19 22:49:11 [logs] info: Req is to GET /api/user 
2021-01-19 22:49:11 [logs] info: Req is to GET /api/post/d74312c3-d089-4064-ab91-d0ce745150a7 
2021-01-19 22:50:26 [logs] info: Req is to GET /api/user 
2021-01-19 22:50:26 [logs] info: Req is to GET /api/post/d74312c3-d089-4064-ab91-d0ce745150a7 
2021-01-19 22:50:42 [logs] info: Req is to GET /api/user 
2021-01-19 22:50:42 [logs] info: Req is to GET /api/post/d74312c3-d089-4064-ab91-d0ce745150a7 
2021-01-19 22:50:47 [logs] info: Req is to GET /api/user 
2021-01-19 22:50:47 [logs] info: Req is to GET /api/post/d74312c3-d089-4064-ab91-d0ce745150a7 
2021-01-19 22:50:58 [logs] info: Req is to POST /api/post/d74312c3-d089-4064-ab91-d0ce745150a7 
2021-01-19 22:50:58 [logs] info: Req is to GET /api/user 
2021-01-19 22:50:58 [logs] info: Req is to GET /api/post/d74312c3-d089-4064-ab91-d0ce745150a7 
2021-01-19 22:51:04 [logs] info: Req is to GET /api/user 
2021-01-19 22:51:04 [logs] info: Req is to GET /api/post/d74312c3-d089-4064-ab91-d0ce745150a7 
2021-01-19 22:51:07 [logs] info: Req is to DELETE /api/post/d74312c3-d089-4064-ab91-d0ce745150a7/comment/6 
2021-01-19 22:51:07 [logs] info: Req is to GET /api/user 
2021-01-19 22:51:07 [logs] info: Req is to GET /api/post/d74312c3-d089-4064-ab91-d0ce745150a7 
2021-01-19 22:51:10 [logs] info: Req is to DELETE /api/post/subComment/8 
2021-01-19 22:51:10 [logs] info: Req is to GET /api/user 
2021-01-19 22:51:10 [logs] info: Req is to GET /api/post/d74312c3-d089-4064-ab91-d0ce745150a7 
2021-01-19 22:51:10 [logs] info: Req is to GET /api/user 
2021-01-19 22:51:10 [logs] info: Req is to GET /api/post?page=1&category=notice 
2021-01-19 22:51:10 [logs] info: Req is to GET /api/post?page=1&category=debate 
2021-01-19 22:51:10 [logs] info: Req is to GET /api/post?page=1&category=edu 
2021-01-19 22:51:12 [logs] info: Req is to GET /api/user 
2021-01-19 22:51:15 [logs] info: Req is to POST /api/auth/login 
2021-01-19 22:51:16 [logs] info: Req is to GET /api/user 
2021-01-19 22:51:16 [logs] info: Req is to GET /api/post?page=1&category=notice 
2021-01-19 22:51:16 [logs] info: Req is to GET /api/post?page=1&category=edu 
2021-01-19 22:51:16 [logs] info: Req is to GET /api/post?page=1&category=debate 
2021-01-19 22:51:17 [logs] info: Req is to GET /api/user 
2021-01-19 22:51:17 [logs] info: Req is to GET /api/post?page=1&category=debate 
2021-01-19 22:51:19 [logs] info: Req is to GET /api/user 
2021-01-19 22:51:19 [logs] info: Req is to GET /api/post/d74312c3-d089-4064-ab91-d0ce745150a7 
2021-01-19 22:51:22 [logs] info: Req is to DELETE /api/post/d74312c3-d089-4064-ab91-d0ce745150a7/comment/5 
2021-01-19 22:51:22 [logs] info: Req is to GET /api/user 
2021-01-19 22:51:22 [logs] info: Req is to GET /api/post/d74312c3-d089-4064-ab91-d0ce745150a7 
2021-01-19 22:51:24 [logs] info: Req is to DELETE /api/post/d74312c3-d089-4064-ab91-d0ce745150a7/ 
2021-01-19 22:51:24 [logs] info: Req is to GET /api/user 
2021-01-19 22:51:24 [logs] info: Req is to GET /api/post?page=1&category=debate 
2021-01-19 22:55:28 [logs] info: Req is to GET /api/user 
2021-01-19 22:55:30 [logs] info: Req is to POST /api/post 
2021-01-19 22:55:31 [logs] info: Req is to GET /api/user 
2021-01-19 22:55:31 [logs] info: Req is to GET /api/post?page=1&category=debate 
2021-01-19 22:55:34 [logs] info: Req is to GET /api/user 
2021-01-19 22:55:34 [logs] info: Req is to GET /api/post/5b0cc991-4f60-47ac-8320-f5c9d4c733f2 
2021-01-19 22:55:36 [logs] info: Req is to POST /api/post/5b0cc991-4f60-47ac-8320-f5c9d4c733f2 
2021-01-19 22:55:36 [logs] info: Req is to GET /api/user 
2021-01-19 22:55:36 [logs] info: Req is to GET /api/post/5b0cc991-4f60-47ac-8320-f5c9d4c733f2 
2021-01-19 22:55:37 [logs] info: Req is to POST /api/post/5b0cc991-4f60-47ac-8320-f5c9d4c733f2/comment/7 
2021-01-19 22:55:37 [logs] info: Req is to GET /api/user 
2021-01-19 22:55:37 [logs] info: Req is to GET /api/post/5b0cc991-4f60-47ac-8320-f5c9d4c733f2 
2021-01-19 22:55:40 [logs] info: Req is to POST /api/post/5b0cc991-4f60-47ac-8320-f5c9d4c733f2/comment/7 
2021-01-19 22:55:40 [logs] info: Req is to GET /api/user 
2021-01-19 22:55:40 [logs] info: Req is to GET /api/post/5b0cc991-4f60-47ac-8320-f5c9d4c733f2 
2021-01-19 22:55:42 [logs] info: Req is to DELETE /api/post/subComment/10 
2021-01-19 22:55:42 [logs] info: Req is to GET /api/user 
2021-01-19 22:55:43 [logs] info: Req is to GET /api/post/5b0cc991-4f60-47ac-8320-f5c9d4c733f2 
2021-01-19 22:55:44 [logs] info: Req is to GET /api/user 
2021-01-19 22:55:48 [logs] info: Req is to POST /api/auth/login 
2021-01-19 22:55:49 [logs] error: ERROR: Cannot find user.
2021-01-19 22:55:52 [logs] info: Req is to POST /api/auth/login 
2021-01-19 22:55:52 [logs] info: Req is to GET /api/user 
2021-01-19 22:55:52 [logs] info: Req is to GET /api/post?page=1&category=notice 
2021-01-19 22:55:52 [logs] info: Req is to GET /api/post?page=1&category=debate 
2021-01-19 22:55:52 [logs] info: Req is to GET /api/post?page=1&category=edu 
2021-01-19 22:55:54 [logs] info: Req is to GET /api/user 
2021-01-19 22:55:54 [logs] info: Req is to GET /api/post?page=1&category=debate 
2021-01-19 22:55:56 [logs] info: Req is to GET /api/user 
2021-01-19 22:56:02 [logs] info: Req is to POST /api/post 
2021-01-19 22:56:03 [logs] info: Req is to GET /api/user 
2021-01-19 22:56:03 [logs] info: Req is to GET /api/post?page=1&category=debate 
2021-01-19 22:56:04 [logs] info: Req is to GET /api/user 
2021-01-19 22:56:04 [logs] info: Req is to GET /api/post/5b0cc991-4f60-47ac-8320-f5c9d4c733f2 
2021-01-19 22:56:06 [logs] info: Req is to POST /api/post/5b0cc991-4f60-47ac-8320-f5c9d4c733f2/comment/7 
2021-01-19 22:56:06 [logs] error: Error: please pass your comment
2021-01-19 22:56:11 [logs] info: Req is to GET /api/user 
2021-01-19 22:56:11 [logs] info: Req is to GET /api/post/5b0cc991-4f60-47ac-8320-f5c9d4c733f2 
2021-01-19 22:56:13 [logs] info: Req is to POST /api/post/5b0cc991-4f60-47ac-8320-f5c9d4c733f2/comment/7 
2021-01-19 22:56:13 [logs] info: Req is to GET /api/user 
2021-01-19 22:56:13 [logs] info: Req is to GET /api/post/5b0cc991-4f60-47ac-8320-f5c9d4c733f2 
2021-01-19 22:56:15 [logs] info: Req is to DELETE /api/post/subComment/11 
2021-01-19 22:56:15 [logs] info: Req is to GET /api/user 
2021-01-19 22:56:15 [logs] info: Req is to GET /api/post/5b0cc991-4f60-47ac-8320-f5c9d4c733f2 
2021-01-19 22:56:17 [logs] info: Req is to GET /api/user 
2021-01-19 22:56:17 [logs] info: Req is to GET /api/post/95dd68e9-a2a4-411c-b06c-5af45433fd39 
2021-01-19 22:56:19 [logs] info: Req is to POST /api/post/95dd68e9-a2a4-411c-b06c-5af45433fd39 
2021-01-19 22:56:19 [logs] info: Req is to GET /api/user 
2021-01-19 22:56:19 [logs] info: Req is to GET /api/post/95dd68e9-a2a4-411c-b06c-5af45433fd39 
2021-01-19 22:56:22 [logs] info: Req is to DELETE /api/post/95dd68e9-a2a4-411c-b06c-5af45433fd39/ 
2021-01-19 22:56:22 [logs] info: Req is to GET /api/user 
2021-01-19 22:56:22 [logs] info: Req is to GET /api/post?page=1&category=debate 
2021-01-19 22:56:26 [logs] info: Req is to GET /api/user 
2021-01-19 22:56:26 [logs] info: Req is to GET /api/post?page=1&category=edu 
2021-01-19 22:56:27 [logs] info: Req is to GET /api/user 
2021-01-19 22:56:29 [logs] info: Req is to POST /api/post 
2021-01-19 22:56:30 [logs] info: Req is to GET /api/user 
2021-01-19 22:56:30 [logs] info: Req is to GET /api/post?page=1&category=edu 
2021-01-19 22:56:58 [logs] info: Req is to GET /api/user 
2021-01-19 22:56:58 [logs] info: Req is to GET /api/post?page=1&category=notice 
2021-01-19 22:57:00 [logs] info: Req is to GET /api/user 
2021-01-19 22:57:03 [logs] info: Req is to POST /api/post 
2021-01-19 22:57:04 [logs] info: Req is to GET /api/user 
2021-01-19 22:57:04 [logs] info: Req is to GET /api/post?page=1&category=notice 
2021-01-19 22:57:05 [logs] info: Req is to GET /api/user 
2021-01-19 22:57:05 [logs] info: Req is to GET /api/post/df42c4f6-f5eb-46eb-8d7d-26f5bfb5662f 
2021-01-19 22:57:08 [logs] info: Req is to POST /api/post/df42c4f6-f5eb-46eb-8d7d-26f5bfb5662f 
2021-01-19 22:57:08 [logs] info: Req is to GET /api/user 
2021-01-19 22:57:08 [logs] info: Req is to GET /api/post/df42c4f6-f5eb-46eb-8d7d-26f5bfb5662f 
2021-01-19 22:57:11 [logs] info: Req is to DELETE /api/post/df42c4f6-f5eb-46eb-8d7d-26f5bfb5662f/comment/9 
2021-01-19 22:57:11 [logs] info: Req is to GET /api/user 
2021-01-19 22:57:11 [logs] info: Req is to GET /api/post/df42c4f6-f5eb-46eb-8d7d-26f5bfb5662f 
2021-01-19 22:57:14 [logs] info: Req is to POST /api/post/df42c4f6-f5eb-46eb-8d7d-26f5bfb5662f 
2021-01-19 22:57:14 [logs] info: Req is to GET /api/user 
2021-01-19 22:57:14 [logs] info: Req is to GET /api/post/df42c4f6-f5eb-46eb-8d7d-26f5bfb5662f 
2021-01-19 22:57:17 [logs] info: Req is to POST /api/post/df42c4f6-f5eb-46eb-8d7d-26f5bfb5662f/comment/10 
2021-01-19 22:57:18 [logs] info: Req is to GET /api/user 
2021-01-19 22:57:18 [logs] info: Req is to GET /api/post/df42c4f6-f5eb-46eb-8d7d-26f5bfb5662f 
2021-01-19 22:57:19 [logs] info: Req is to POST /api/post/df42c4f6-f5eb-46eb-8d7d-26f5bfb5662f 
2021-01-19 22:57:19 [logs] info: Req is to GET /api/user 
2021-01-19 22:57:19 [logs] info: Req is to GET /api/post/df42c4f6-f5eb-46eb-8d7d-26f5bfb5662f 
2021-01-19 22:57:21 [logs] info: Req is to DELETE /api/post/df42c4f6-f5eb-46eb-8d7d-26f5bfb5662f/comment/11 
2021-01-19 22:57:21 [logs] info: Req is to GET /api/user 
2021-01-19 22:57:21 [logs] info: Req is to GET /api/post/df42c4f6-f5eb-46eb-8d7d-26f5bfb5662f 
2021-01-19 22:57:25 [logs] info: Req is to GET /api/user 
2021-01-19 22:57:29 [logs] info: Req is to POST /api/auth/login 
2021-01-19 22:57:29 [logs] info: Req is to GET /api/user 
2021-01-19 22:57:29 [logs] info: Req is to GET /api/post?page=1&category=notice 
2021-01-19 22:57:29 [logs] info: Req is to GET /api/post?page=1&category=debate 
2021-01-19 22:57:29 [logs] info: Req is to GET /api/post?page=1&category=edu 
2021-01-19 22:57:31 [logs] info: Req is to GET /api/user 
2021-01-19 22:57:31 [logs] info: Req is to GET /api/apply 
2021-01-19 22:57:48 [logs] info: Req is to GET /api/user 
2021-01-19 22:57:48 [logs] info: Req is to GET /api/apply 
2021-01-19 22:57:50 [logs] info: Req is to GET /api/user 
2021-01-19 22:57:52 [logs] info: Req is to POST /api/apply 
2021-01-19 22:57:53 [logs] info: Req is to GET /api/user 
2021-01-19 22:57:53 [logs] info: Req is to GET /api/apply 
2021-01-19 22:57:54 [logs] info: Req is to GET /api/user 
2021-01-19 22:57:58 [logs] info: Req is to POST /api/auth/login 
2021-01-19 22:57:59 [logs] info: Req is to GET /api/user 
2021-01-19 22:57:59 [logs] info: Req is to GET /api/post?page=1&category=notice 
2021-01-19 22:57:59 [logs] info: Req is to GET /api/post?page=1&category=edu 
2021-01-19 22:57:59 [logs] info: Req is to GET /api/post?page=1&category=debate 
2021-01-19 22:58:01 [logs] info: Req is to GET /api/user 
2021-01-19 22:58:01 [logs] info: Req is to GET /api/apply 
2021-01-19 22:58:02 [logs] info: Req is to GET /api/user 
2021-01-19 22:58:02 [logs] info: Req is to GET /api/apply/6980e5ab-eb5e-420b-993e-da40d7eed13d 
2021-01-19 22:59:58 [logs] info: Req is to GET /api/user 
2021-01-19 22:59:58 [logs] info: Req is to GET /api/apply/6980e5ab-eb5e-420b-993e-da40d7eed13d 
2021-01-19 23:00:32 [logs] info: Req is to GET /api/user 
2021-01-19 23:00:32 [logs] info: Req is to GET /api/apply/6980e5ab-eb5e-420b-993e-da40d7eed13d 
2021-01-19 23:00:51 [logs] info: Req is to GET /api/user 
2021-01-19 23:00:51 [logs] info: Req is to GET /api/apply/6980e5ab-eb5e-420b-993e-da40d7eed13d 
2021-01-19 23:00:56 [logs] info: Req is to GET /api/user 
2021-01-19 23:00:56 [logs] info: Req is to GET /api/apply/6980e5ab-eb5e-420b-993e-da40d7eed13d 
2021-01-19 23:00:57 [logs] info: Req is to GET /api/user 
2021-01-19 23:00:57 [logs] info: Req is to GET /api/apply/6980e5ab-eb5e-420b-993e-da40d7eed13d 
2021-01-19 23:01:03 [logs] info: Req is to GET /api/user 
2021-01-19 23:01:03 [logs] info: Req is to GET /api/apply/6980e5ab-eb5e-420b-993e-da40d7eed13d 
2021-01-19 23:01:08 [logs] info: Req is to GET /api/user 
2021-01-19 23:01:08 [logs] info: Req is to GET /api/apply/6980e5ab-eb5e-420b-993e-da40d7eed13d 
2021-01-19 23:01:38 [logs] info: Req is to GET /api/user 
2021-01-19 23:01:38 [logs] info: Req is to GET /api/apply/6980e5ab-eb5e-420b-993e-da40d7eed13d 
2021-01-19 23:01:47 [logs] info: Req is to GET /api/user 
2021-01-19 23:01:47 [logs] info: Req is to GET /api/apply/6980e5ab-eb5e-420b-993e-da40d7eed13d 
2021-01-19 23:01:51 [logs] info: Req is to POST /api/apply/6980e5ab-eb5e-420b-993e-da40d7eed13d 
2021-01-19 23:01:51 [logs] info: Req is to GET /api/user 
2021-01-19 23:01:51 [logs] info: Req is to GET /api/apply 
2021-01-19 23:01:54 [logs] info: Req is to GET /api/user 
2021-01-19 23:01:54 [logs] info: Req is to GET /api/apply/6980e5ab-eb5e-420b-993e-da40d7eed13d 
2021-01-19 23:01:57 [logs] info: Req is to GET /api/user 
2021-01-19 23:02:01 [logs] info: Req is to POST /api/auth/login 
2021-01-19 23:02:01 [logs] info: Req is to GET /api/user 
2021-01-19 23:02:01 [logs] info: Req is to GET /api/post?page=1&category=notice 
2021-01-19 23:02:01 [logs] info: Req is to GET /api/post?page=1&category=debate 
2021-01-19 23:02:01 [logs] info: Req is to GET /api/post?page=1&category=edu 
2021-01-19 23:02:02 [logs] info: Req is to GET /api/user 
2021-01-19 23:02:07 [logs] info: Req is to POST /api/auth/login 
2021-01-19 23:02:08 [logs] info: Req is to GET /api/user 
2021-01-19 23:02:08 [logs] info: Req is to GET /api/post?page=1&category=notice 
2021-01-19 23:02:08 [logs] info: Req is to GET /api/post?page=1&category=edu 
2021-01-19 23:02:08 [logs] info: Req is to GET /api/post?page=1&category=debate 
2021-01-19 23:02:09 [logs] info: Req is to GET /api/user 
2021-01-19 23:02:09 [logs] info: Req is to GET /api/pledge 
2021-01-19 23:02:11 [logs] info: Req is to GET /api/user 
2021-01-19 23:02:13 [logs] info: Req is to GET /api/user 
2021-01-19 23:02:13 [logs] info: Req is to GET /api/pledge 
2021-01-19 23:02:14 [logs] info: Req is to GET /api/user 
2021-01-19 23:02:17 [logs] info: Req is to POST /api/pledge 
2021-01-19 23:02:18 [logs] info: Req is to GET /api/user 
2021-01-19 23:02:18 [logs] info: Req is to GET /api/pledge 
2021-01-19 23:02:20 [logs] info: Req is to GET /api/user 
2021-01-19 23:02:20 [logs] info: Req is to GET /api/pledge/6980e5ab-eb5e-420b-993e-da40d7eed13d 
2021-01-19 23:02:33 [logs] info: Req is to GET /api/user 
2021-01-19 23:02:33 [logs] info: Req is to GET /api/pledge/6980e5ab-eb5e-420b-993e-da40d7eed13d 
2021-01-19 23:02:45 [logs] info: Req is to PUT /api/pledge/87425f26-99e0-4320-bbac-1e73c878dc7f 
2021-01-19 23:02:45 [logs] error: ERROR: Permission denied. This is only for student,candidate,president
2021-01-19 23:02:48 [logs] info: Req is to PUT /api/pledge/admin 
2021-01-19 23:02:50 [logs] info: Req is to PUT /api/pledge/admin 
2021-01-19 23:02:51 [logs] info: Req is to GET /api/user 
2021-01-19 23:02:51 [logs] info: Req is to GET /api/pledge/6980e5ab-eb5e-420b-993e-da40d7eed13d 
2021-01-19 23:02:59 [logs] info: Req is to GET /api/user 
2021-01-19 23:02:59 [logs] info: Req is to GET /api/pledge/6980e5ab-eb5e-420b-993e-da40d7eed13d 
2021-01-19 23:03:04 [logs] info: Req is to GET /api/user 
2021-01-19 23:03:04 [logs] info: Req is to GET /api/pledge/6980e5ab-eb5e-420b-993e-da40d7eed13d 
2021-01-19 23:03:09 [logs] info: Req is to PUT /api/pledge/admin 
2021-01-19 23:03:10 [logs] info: Req is to PUT /api/pledge/admin 
2021-01-19 23:03:12 [logs] info: Req is to GET /api/user 
2021-01-19 23:03:12 [logs] info: Req is to GET /api/pledge/6980e5ab-eb5e-420b-993e-da40d7eed13d 
2021-01-19 23:03:17 [logs] info: Req is to PUT /api/pledge/admin 
2021-01-19 23:03:18 [logs] info: Req is to GET /api/user 
2021-01-19 23:03:18 [logs] info: Req is to GET /api/pledge/6980e5ab-eb5e-420b-993e-da40d7eed13d 
2021-01-19 23:03:19 [logs] info: Req is to GET /api/user 
2021-01-19 23:03:19 [logs] info: Req is to GET /api/pledge/6980e5ab-eb5e-420b-993e-da40d7eed13d 
2021-01-19 23:03:20 [logs] info: Req is to GET /api/user 
2021-01-19 23:03:20 [logs] info: Req is to GET /api/pledge/6980e5ab-eb5e-420b-993e-da40d7eed13d 
2021-01-19 23:03:21 [logs] info: Req is to GET /api/user 
2021-01-19 23:03:21 [logs] info: Req is to GET /api/pledge/6980e5ab-eb5e-420b-993e-da40d7eed13d 
2021-01-19 23:03:58 [logs] info: Req is to GET /api/user 
2021-01-19 23:03:58 [logs] info: Req is to GET /api/pledge/6980e5ab-eb5e-420b-993e-da40d7eed13d 
2021-01-19 23:04:09 [logs] info: Req is to GET /api/user 
2021-01-19 23:04:09 [logs] info: Req is to GET /api/pledge/6980e5ab-eb5e-420b-993e-da40d7eed13d 
2021-01-19 23:04:17 [logs] info: Req is to PUT /api/pledge/admin 
2021-01-19 23:04:19 [logs] info: Req is to GET /api/user 
2021-01-19 23:04:19 [logs] info: Req is to GET /api/pledge/6980e5ab-eb5e-420b-993e-da40d7eed13d 
2021-01-19 23:04:23 [logs] info: Req is to PUT /api/pledge/6980e5ab-eb5e-420b-993e-da40d7eed13d 
2021-01-19 23:04:23 [logs] info: Req is to GET /api/user 
2021-01-19 23:04:23 [logs] info: Req is to GET /api/pledge/6980e5ab-eb5e-420b-993e-da40d7eed13d 
