2021-01-20 14:54:59 [logs] info: Req is to GET /api/pledge/admin 
2021-01-20 15:04:00 [logs] info: Req is to GET /api/user 
2021-01-20 15:04:02 [logs] info: Req is to GET /api/pledge/admin 
2021-01-20 15:04:03 [logs] info: Req is to POST /api/pledge/admin 
2021-01-20 15:04:27 [logs] info: Req is to GET /api/pledge/admin 
2021-01-20 15:05:03 [logs] info: Req is to GET /api/user 
2021-01-20 15:09:23 [logs] info: Req is to GET /api/pledge/admin 
2021-01-20 15:09:27 [logs] info: Req is to POST /api/pledge/admin 
2021-01-20 15:09:28 [logs] info: Req is to GET /api/user 
2021-01-20 15:09:30 [logs] info: Req is to GET /api/pledge/admin 
2021-01-20 15:09:31 [logs] info: Req is to POST /api/pledge/admin 
2021-01-20 15:09:33 [logs] info: Req is to GET /api/user 
2021-01-20 15:09:59 [logs] info: Req is to GET /api/pledge/admin 
2021-01-20 15:13:46 [logs] info: Req is to PUT /api/apply 
2021-01-20 15:14:00 [logs] info: Req is to PUT /api/pledge/admin 
2021-01-20 15:16:15 [logs] info: Req is to PUT /api/pledge/admin 
2021-01-20 15:16:22 [logs] info: Req is to GET /api/user 
2021-01-20 15:16:23 [logs] info: Req is to PUT /api/pledge/admin 
2021-01-20 15:16:23 [logs] error: ERROR: Please Login
2021-01-20 15:17:15 [logs] info: Req is to GET /api/user 
2021-01-20 15:17:15 [logs] info: Req is to PUT /api/pledge/admin 
2021-01-20 15:17:15 [logs] error: ERROR: Please Login
2021-01-20 15:17:54 [logs] info: Req is to GET /api/user 
2021-01-20 15:17:58 [logs] info: Req is to POST /api/auth/login 
2021-01-20 15:17:59 [logs] info: Req is to GET /api/user 
2021-01-20 15:17:59 [logs] info: Req is to GET /api/post?page=1&category=notice 
2021-01-20 15:17:59 [logs] info: Req is to GET /api/post?page=1&category=debate 
2021-01-20 15:17:59 [logs] info: Req is to GET /api/post?page=1&category=edu 
2021-01-20 15:18:00 [logs] info: Req is to GET /api/user 
2021-01-20 15:18:00 [logs] info: Req is to PUT /api/pledge/admin 
2021-01-20 15:18:00 [logs] error: ERROR: Please Login
2021-01-20 15:19:41 [logs] info: Req is to GET /api/user 
2021-01-20 15:19:48 [logs] info: Req is to PUT /api/apply 
2021-01-20 15:19:51 [logs] info: Req is to GET /api/user 
2021-01-20 15:20:15 [logs] info: Req is to GET /api/user 
2021-01-20 15:20:24 [logs] info: Req is to PUT /api/pledge/admin 
2021-01-20 15:20:25 [logs] info: Req is to GET /api/user 
2021-01-20 15:20:27 [logs] info: Req is to PUT /api/apply 
2021-01-20 15:20:29 [logs] info: Req is to GET /api/user 
2021-01-20 15:20:30 [logs] info: Req is to PUT /api/apply 
2021-01-20 15:20:31 [logs] info: Req is to GET /api/user 
2021-01-20 15:20:33 [logs] info: Req is to PUT /api/pledge/admin 
2021-01-20 15:20:34 [logs] info: Req is to GET /api/user 
2021-01-20 15:21:48 [logs] info: Req is to GET /api/user 
2021-01-20 15:21:49 [logs] info: Req is to PUT /api/pledge/admin 
2021-01-20 15:21:49 [logs] error: ERROR: Please Login
2021-01-20 15:22:39 [logs] info: Req is to PUT /api/pledge/admin 
2021-01-20 15:22:47 [logs] info: Req is to GET /api/user 
2021-01-20 15:22:47 [logs] info: Req is to PUT /api/pledge/admin 
2021-01-20 15:23:44 [logs] info: Req is to GET /api/user 
2021-01-20 15:23:44 [logs] info: Req is to PUT /api/pledge/admin 
2021-01-20 15:23:44 [logs] info: Req is to PUT /api/pledge/admin 
2021-01-20 15:23:48 [logs] info: Req is to PUT /api/pledge/admin 
2021-01-20 15:23:49 [logs] info: Req is to GET /api/user 
2021-01-20 15:23:49 [logs] info: Req is to PUT /api/pledge/admin 
2021-01-20 15:23:49 [logs] info: Req is to PUT /api/pledge/admin 
2021-01-20 15:23:57 [logs] info: Req is to PUT /api/pledge/admin 
2021-01-20 15:23:58 [logs] info: Req is to GET /api/user 
2021-01-20 15:23:58 [logs] info: Req is to PUT /api/pledge/admin 
2021-01-20 15:23:58 [logs] info: Req is to PUT /api/pledge/admin 
2021-01-20 15:24:00 [logs] info: Req is to GET /api/user 
2021-01-20 15:24:00 [logs] info: Req is to PUT /api/pledge/admin 
2021-01-20 15:24:00 [logs] info: Req is to PUT /api/pledge/admin 
2021-01-20 15:24:16 [logs] info: Req is to GET /api/pledge/admin 
2021-01-20 15:24:22 [logs] info: Req is to POST /api/pledge/admin 
2021-01-20 15:24:22 [logs] info: Req is to GET /api/user 
2021-01-20 15:24:23 [logs] info: Req is to PUT /api/pledge/admin 
2021-01-20 15:24:23 [logs] info: Req is to PUT /api/pledge/admin 
2021-01-20 15:24:26 [logs] info: Req is to GET /api/pledge/admin 
2021-01-20 15:24:37 [logs] info: Req is to GET /api/pledge/admin 
2021-01-20 15:24:51 [logs] info: Req is to GET /api/pledge 
2021-01-20 15:26:45 [logs] info: Req is to GET /api/user 
2021-01-20 15:26:45 [logs] info: Req is to GET /api/post?page=1&category=notice 
2021-01-20 15:26:45 [logs] info: Req is to GET /api/post?page=1&category=debate 
2021-01-20 15:26:45 [logs] info: Req is to GET /api/post?page=1&category=edu 
2021-01-20 15:26:47 [logs] info: Req is to GET /api/user 
2021-01-20 15:26:50 [logs] info: Req is to PUT /api/pledge/admin 
2021-01-20 15:26:50 [logs] info: Req is to PUT /api/pledge/admin 
2021-01-20 15:26:55 [logs] info: Req is to GET /api/pledge/admin 
2021-01-20 15:26:58 [logs] info: Req is to GET /api/pledge/admin 
2021-01-20 15:27:06 [logs] info: Req is to POST /api/pledge/admin 
2021-01-20 15:27:06 [logs] error: 이미 선출 되었습니다.
2021-01-20 15:27:35 [logs] info: Req is to GET /api/user 
2021-01-20 15:27:35 [logs] info: Req is to PUT /api/pledge/admin 
2021-01-20 15:27:35 [logs] info: Req is to PUT /api/pledge/admin 
2021-01-20 15:27:38 [logs] info: Req is to GET /api/pledge/admin 
2021-01-20 15:27:38 [logs] info: Req is to POST /api/pledge/admin 
2021-01-20 15:27:38 [logs] error: 이미 선출 되었습니다.
2021-01-20 15:28:08 [logs] info: Req is to GET /api/user 
2021-01-20 15:28:11 [logs] info: Req is to GET /api/user 
2021-01-20 15:28:11 [logs] info: Req is to PUT /api/pledge/admin 
2021-01-20 15:28:11 [logs] info: Req is to PUT /api/pledge/admin 
2021-01-20 15:28:15 [logs] info: Req is to GET /api/pledge/admin 
2021-01-20 15:29:42 [logs] info: Req is to GET /api/user 
2021-01-20 15:29:42 [logs] info: Req is to PUT /api/pledge/admin 
2021-01-20 15:29:42 [logs] info: Req is to PUT /api/pledge/admin 
2021-01-20 15:29:45 [logs] info: Req is to GET /api/pledge/admin 
2021-01-20 15:29:54 [logs] info: Req is to GET /api/pledge/admin 
2021-01-20 15:30:37 [logs] info: Req is to GET /api/pledge/admin 
2021-01-20 15:30:39 [logs] info: Req is to GET /api/pledge/admin 
2021-01-20 15:30:41 [logs] info: Req is to GET /api/user 
2021-01-20 15:30:41 [logs] info: Req is to PUT /api/pledge/admin 
2021-01-20 15:30:41 [logs] info: Req is to PUT /api/pledge/admin 
2021-01-20 15:30:44 [logs] info: Req is to GET /api/pledge/admin 
2021-01-20 15:30:50 [logs] info: Req is to GET /api/user 
2021-01-20 15:30:50 [logs] info: Req is to PUT /api/pledge/admin 
2021-01-20 15:30:50 [logs] info: Req is to PUT /api/pledge/admin 
2021-01-20 15:30:55 [logs] info: Req is to GET /api/user 
2021-01-20 15:30:55 [logs] info: Req is to PUT /api/pledge/admin 
2021-01-20 15:30:55 [logs] info: Req is to PUT /api/pledge/admin 
2021-01-20 15:30:57 [logs] info: Req is to GET /api/pledge/admin 
2021-01-20 15:31:22 [logs] info: Req is to GET /api/user 
2021-01-20 15:31:22 [logs] info: Req is to PUT /api/pledge/admin 
2021-01-20 15:31:22 [logs] info: Req is to PUT /api/pledge/admin 
2021-01-20 15:31:39 [logs] info: Req is to GET /api/user 
2021-01-20 15:31:39 [logs] info: Req is to PUT /api/pledge/admin 
2021-01-20 15:31:39 [logs] info: Req is to PUT /api/pledge/admin 
2021-01-20 15:31:41 [logs] info: Req is to GET /api/pledge/admin 
2021-01-20 15:31:42 [logs] info: Req is to GET /api/user 
2021-01-20 15:31:42 [logs] info: Req is to PUT /api/pledge/admin 
2021-01-20 15:31:43 [logs] info: Req is to PUT /api/pledge/admin 
2021-01-20 15:31:54 [logs] info: Req is to GET /api/pledge/admin 
2021-01-20 15:32:20 [logs] info: Req is to GET /api/user 
2021-01-20 15:32:21 [logs] info: Req is to PUT /api/pledge/admin 
2021-01-20 15:32:21 [logs] info: Req is to PUT /api/pledge/admin 
2021-01-20 15:32:23 [logs] info: Req is to GET /api/pledge/admin 
2021-01-20 15:32:42 [logs] info: Req is to GET /api/user 
2021-01-20 15:32:42 [logs] info: Req is to PUT /api/pledge/admin 
2021-01-20 15:32:42 [logs] info: Req is to PUT /api/pledge/admin 
2021-01-20 15:32:43 [logs] info: Req is to GET /api/pledge/admin 
2021-01-20 15:34:16 [logs] info: Req is to GET /api/user 
2021-01-20 15:34:16 [logs] info: Req is to PUT /api/pledge/admin 
2021-01-20 15:34:17 [logs] info: Req is to PUT /api/pledge/admin 
2021-01-20 15:34:44 [logs] info: Req is to GET /api/user 
2021-01-20 15:34:45 [logs] info: Req is to PUT /api/pledge/admin 
2021-01-20 15:34:45 [logs] info: Req is to PUT /api/pledge/admin 
2021-01-20 15:34:46 [logs] info: Req is to GET /api/pledge/admin 
2021-01-20 15:34:49 [logs] info: Req is to POST /api/pledge/admin 
2021-01-20 15:34:52 [logs] info: Req is to GET /api/user 
2021-01-20 15:34:52 [logs] info: Req is to PUT /api/pledge/admin 
2021-01-20 15:34:53 [logs] info: Req is to PUT /api/pledge/admin 
2021-01-20 15:35:09 [logs] info: Req is to GET /api/user 
2021-01-20 15:35:09 [logs] info: Req is to PUT /api/pledge/admin 
2021-01-20 15:35:09 [logs] info: Req is to PUT /api/pledge/admin 
2021-01-20 15:35:10 [logs] info: Req is to GET /api/pledge/admin 
2021-01-20 15:35:24 [logs] info: Req is to POST /api/pledge/admin 
2021-01-20 15:35:24 [logs] error: ERROR: Please Login
2021-01-20 15:35:29 [logs] info: Req is to POST /api/auth/login 
2021-01-20 15:35:33 [logs] info: Req is to POST /api/pledge/admin 
2021-01-20 15:35:33 [logs] error: ERROR: Please Login
2021-01-20 15:36:04 [logs] info: Req is to POST /api/pledge/admin 
2021-01-20 15:36:04 [logs] error: ERROR: Please Login
2021-01-20 15:36:13 [logs] info: Req is to POST /api/pledge/admin 
2021-01-20 15:37:07 [logs] info: Req is to POST /api/pledge/admin 
2021-01-20 15:37:07 [logs] error: 이미 선출 되었습니다.
2021-01-20 15:37:20 [logs] info: Req is to GET /api/user 
2021-01-20 15:37:20 [logs] info: Req is to PUT /api/pledge/admin 
2021-01-20 15:37:24 [logs] info: Req is to GET /api/user 
2021-01-20 15:37:24 [logs] info: Req is to PUT /api/pledge/admin 
2021-01-20 15:37:24 [logs] info: Req is to PUT /api/pledge/admin 
2021-01-20 15:37:26 [logs] info: Req is to GET /api/pledge/admin 
2021-01-20 15:37:27 [logs] info: Req is to GET /api/user 
2021-01-20 15:37:27 [logs] info: Req is to PUT /api/pledge/admin 
2021-01-20 15:37:27 [logs] info: Req is to PUT /api/pledge/admin 
2021-01-20 15:37:29 [logs] info: Req is to GET /api/pledge/admin 
2021-01-20 15:37:39 [logs] info: Req is to GET /api/user 
2021-01-20 15:37:39 [logs] info: Req is to GET /api/post?page=1&category=notice 
2021-01-20 15:37:39 [logs] info: Req is to GET /api/post?page=1&category=debate 
2021-01-20 15:37:39 [logs] info: Req is to GET /api/post?page=1&category=edu 
2021-01-20 15:37:41 [logs] info: Req is to GET /api/user 
2021-01-20 15:37:42 [logs] info: Req is to GET /api/post?page=1&category=notice 
2021-01-20 15:37:42 [logs] info: Req is to GET /api/post?page=1&category=debate 
2021-01-20 15:37:42 [logs] info: Req is to GET /api/post?page=1&category=edu 
2021-01-20 15:37:45 [logs] info: Req is to GET /api/user 
2021-01-20 15:37:45 [logs] info: Req is to PUT /api/pledge/admin 
2021-01-20 15:37:45 [logs] info: Req is to PUT /api/pledge/admin 
2021-01-20 15:37:48 [logs] info: Req is to GET /api/pledge/admin 
2021-01-20 15:37:50 [logs] info: Req is to POST /api/pledge/admin 
2021-01-20 15:37:51 [logs] info: Req is to GET /api/user 
2021-01-20 15:37:51 [logs] info: Req is to PUT /api/pledge/admin 
2021-01-20 15:37:51 [logs] info: Req is to PUT /api/pledge/admin 
2021-01-20 15:37:53 [logs] info: Req is to GET /api/pledge/admin 
2021-01-20 15:37:55 [logs] info: Req is to PATCH /api/pledge/admin 
2021-01-20 15:37:57 [logs] info: Req is to PATCH /api/pledge/admin 
2021-01-20 15:38:53 [logs] info: Req is to PUT /api/pledge/admin 
2021-01-20 15:38:54 [logs] info: Req is to GET /api/user 
2021-01-20 15:38:54 [logs] info: Req is to PUT /api/pledge/admin 
2021-01-20 15:38:54 [logs] info: Req is to PUT /api/pledge/admin 
2021-01-20 15:39:01 [logs] info: Req is to PUT /api/apply 
2021-01-20 15:39:03 [logs] info: Req is to GET /api/user 
2021-01-20 15:39:03 [logs] info: Req is to PUT /api/pledge/admin 
2021-01-20 15:39:03 [logs] info: Req is to PUT /api/pledge/admin 
2021-01-20 15:39:05 [logs] info: Req is to PUT /api/apply 
2021-01-20 15:39:05 [logs] info: Req is to GET /api/user 
2021-01-20 15:39:05 [logs] info: Req is to PUT /api/pledge/admin 
2021-01-20 15:39:05 [logs] info: Req is to PUT /api/pledge/admin 
2021-01-20 15:39:07 [logs] info: Req is to PUT /api/pledge/admin 
2021-01-20 15:39:08 [logs] info: Req is to GET /api/user 
2021-01-20 15:39:08 [logs] info: Req is to PUT /api/pledge/admin 
2021-01-20 15:39:08 [logs] info: Req is to PUT /api/pledge/admin 
2021-01-20 15:39:09 [logs] info: Req is to PUT /api/pledge/admin 
2021-01-20 15:39:11 [logs] info: Req is to GET /api/user 
2021-01-20 15:39:11 [logs] info: Req is to PUT /api/pledge/admin 
2021-01-20 15:39:11 [logs] info: Req is to PUT /api/pledge/admin 
2021-01-20 15:39:12 [logs] info: Req is to GET /api/pledge/admin 
2021-01-20 15:39:13 [logs] info: Req is to PATCH /api/pledge/admin 
2021-01-20 15:39:13 [logs] error: Error: 투표를 먼저 종료하세요!
2021-01-20 15:39:29 [logs] info: Req is to GET /api/user 
2021-01-20 15:39:30 [logs] info: Req is to PUT /api/pledge/admin 
2021-01-20 15:39:30 [logs] info: Req is to PUT /api/pledge/admin 
2021-01-20 15:39:35 [logs] info: Req is to GET /api/pledge/admin 
2021-01-20 15:39:36 [logs] info: Req is to PATCH /api/pledge/admin 
2021-01-20 15:39:36 [logs] error: Error: 투표를 먼저 종료하세요!
2021-01-20 15:39:38 [logs] info: Req is to PUT /api/pledge/admin 
2021-01-20 15:39:41 [logs] info: Req is to GET /api/user 
2021-01-20 15:39:41 [logs] info: Req is to PUT /api/pledge/admin 
2021-01-20 15:39:41 [logs] info: Req is to PUT /api/pledge/admin 
2021-01-20 15:39:42 [logs] info: Req is to PATCH /api/pledge/admin 
2021-01-20 15:40:22 [logs] info: Req is to PATCH /api/pledge/admin 
2021-01-20 15:41:10 [logs] info: Req is to GET /api/user 
2021-01-20 15:41:10 [logs] info: Req is to PUT /api/pledge/admin 
2021-01-20 15:41:10 [logs] info: Req is to PUT /api/pledge/admin 
2021-01-20 15:41:13 [logs] info: Req is to PATCH /api/pledge/admin 
2021-01-20 15:41:14 [logs] info: Req is to GET /api/user 
2021-01-20 15:41:14 [logs] info: Req is to PUT /api/pledge/admin 
2021-01-20 15:41:15 [logs] info: Req is to PUT /api/pledge/admin 
2021-01-20 15:41:15 [logs] info: Req is to GET /api/pledge/admin 
2021-01-20 15:41:17 [logs] info: Req is to PUT /api/pledge/admin 
2021-01-20 15:41:18 [logs] info: Req is to GET /api/user 
2021-01-20 15:41:18 [logs] info: Req is to PUT /api/pledge/admin 
2021-01-20 15:41:18 [logs] info: Req is to PUT /api/pledge/admin 
2021-01-20 15:41:19 [logs] info: Req is to PUT /api/apply 
2021-01-20 15:41:20 [logs] info: Req is to GET /api/user 
2021-01-20 15:41:20 [logs] info: Req is to PUT /api/pledge/admin 
2021-01-20 15:41:20 [logs] info: Req is to PUT /api/pledge/admin 
2021-01-20 15:41:21 [logs] info: Req is to GET /api/user 
